<?xml version="1.0" encoding="UTF-8"?>
<coverage generated="1721630157034" clover="3.2.0">
  <project timestamp="1721630157035" name="All files">
    <metrics statements="125" coveredstatements="96" conditionals="99" coveredconditionals="81" methods="48" coveredmethods="38" elements="272" coveredelements="215" complexity="0" loc="125" ncloc="125" packages="5" files="18" classes="18"/>
    <package name="api">
      <metrics statements="21" coveredstatements="0" conditionals="6" coveredconditionals="0" methods="3" coveredmethods="0"/>
      <file name="data.js" path="/Users/andrewconstancio/Documents/WebDev/ecommerce-livefront-web-challenge/src/api/data.js">
        <metrics statements="21" coveredstatements="0" conditionals="6" coveredconditionals="0" methods="3" coveredmethods="0"/>
        <line num="6" count="0" type="stmt"/>
        <line num="7" count="0" type="stmt"/>
        <line num="9" count="0" type="cond" truecount="0" falsecount="2"/>
        <line num="10" count="0" type="stmt"/>
        <line num="13" count="0" type="stmt"/>
        <line num="14" count="0" type="stmt"/>
        <line num="16" count="0" type="stmt"/>
        <line num="21" count="0" type="stmt"/>
        <line num="22" count="0" type="stmt"/>
        <line num="24" count="0" type="cond" truecount="0" falsecount="2"/>
        <line num="25" count="0" type="stmt"/>
        <line num="28" count="0" type="stmt"/>
        <line num="29" count="0" type="stmt"/>
        <line num="31" count="0" type="stmt"/>
        <line num="36" count="0" type="stmt"/>
        <line num="37" count="0" type="stmt"/>
        <line num="39" count="0" type="cond" truecount="0" falsecount="2"/>
        <line num="40" count="0" type="stmt"/>
        <line num="43" count="0" type="stmt"/>
        <line num="44" count="0" type="stmt"/>
        <line num="46" count="0" type="stmt"/>
      </file>
    </package>
    <package name="components">
      <metrics statements="20" coveredstatements="20" conditionals="13" coveredconditionals="13" methods="8" coveredmethods="8"/>
      <file name="AddToCartButton.jsx" path="/Users/andrewconstancio/Documents/WebDev/ecommerce-livefront-web-challenge/src/components/AddToCartButton.jsx">
        <metrics statements="2" coveredstatements="2" conditionals="0" coveredconditionals="0" methods="1" coveredmethods="1"/>
        <line num="3" count="5" type="stmt"/>
        <line num="5" count="8" type="stmt"/>
      </file>
      <file name="AddToCartSection.jsx" path="/Users/andrewconstancio/Documents/WebDev/ecommerce-livefront-web-challenge/src/components/AddToCartSection.jsx">
        <metrics statements="2" coveredstatements="2" conditionals="0" coveredconditionals="0" methods="1" coveredmethods="1"/>
        <line num="5" count="1" type="stmt"/>
        <line num="8" count="4" type="stmt"/>
      </file>
      <file name="CardProduct.jsx" path="/Users/andrewconstancio/Documents/WebDev/ecommerce-livefront-web-challenge/src/components/CardProduct.jsx">
        <metrics statements="4" coveredstatements="4" conditionals="7" coveredconditionals="7" methods="1" coveredmethods="1"/>
        <line num="5" count="4" type="stmt"/>
        <line num="8" count="7" type="cond" truecount="7" falsecount="0"/>
        <line num="9" count="2" type="stmt"/>
        <line num="13" count="5" type="stmt"/>
      </file>
      <file name="HeroSection.jsx" path="/Users/andrewconstancio/Documents/WebDev/ecommerce-livefront-web-challenge/src/components/HeroSection.jsx">
        <metrics statements="2" coveredstatements="2" conditionals="0" coveredconditionals="0" methods="1" coveredmethods="1"/>
        <line num="4" count="3" type="stmt"/>
        <line num="6" count="4" type="stmt"/>
      </file>
      <file name="ProductCounter.jsx" path="/Users/andrewconstancio/Documents/WebDev/ecommerce-livefront-web-challenge/src/components/ProductCounter.jsx">
        <metrics statements="2" coveredstatements="2" conditionals="0" coveredconditionals="0" methods="1" coveredmethods="1"/>
        <line num="4" count="1" type="stmt"/>
        <line num="7" count="4" type="stmt"/>
      </file>
      <file name="ProductGrid.jsx" path="/Users/andrewconstancio/Documents/WebDev/ecommerce-livefront-web-challenge/src/components/ProductGrid.jsx">
        <metrics statements="8" coveredstatements="8" conditionals="6" coveredconditionals="6" methods="3" coveredmethods="3"/>
        <line num="5" count="3" type="stmt"/>
        <line num="8" count="7" type="cond" truecount="2" falsecount="0"/>
        <line num="9" count="3" type="stmt"/>
        <line num="15" count="30" type="stmt"/>
        <line num="26" count="4" type="cond" truecount="2" falsecount="0"/>
        <line num="27" count="2" type="stmt"/>
        <line num="31" count="2" type="stmt"/>
        <line num="41" count="4" type="stmt"/>
      </file>
    </package>
    <package name="components.Navbar">
      <metrics statements="46" coveredstatements="40" conditionals="45" coveredconditionals="35" methods="26" coveredmethods="20"/>
      <file name="Header.jsx" path="/Users/andrewconstancio/Documents/WebDev/ecommerce-livefront-web-challenge/src/components/Navbar/Header.jsx">
        <metrics statements="2" coveredstatements="2" conditionals="0" coveredconditionals="0" methods="1" coveredmethods="1"/>
        <line num="5" count="1" type="stmt"/>
        <line num="7" count="1" type="stmt"/>
      </file>
      <file name="MobileDropdown.jsx" path="/Users/andrewconstancio/Documents/WebDev/ecommerce-livefront-web-challenge/src/components/Navbar/MobileDropdown.jsx">
        <metrics statements="3" coveredstatements="3" conditionals="2" coveredconditionals="1" methods="2" coveredmethods="2"/>
        <line num="4" count="3" type="stmt"/>
        <line num="7" count="2" type="stmt"/>
        <line num="11" count="6" type="stmt"/>
      </file>
      <file name="MobileMenuItems.jsx" path="/Users/andrewconstancio/Documents/WebDev/ecommerce-livefront-web-challenge/src/components/Navbar/MobileMenuItems.jsx">
        <metrics statements="7" coveredstatements="4" conditionals="10" coveredconditionals="7" methods="5" coveredmethods="1"/>
        <line num="7" count="3" type="stmt"/>
        <line num="10" count="12" type="stmt"/>
        <line num="13" count="12" type="stmt"/>
        <line num="14" count="0" type="stmt"/>
        <line num="18" count="12" type="stmt"/>
        <line num="28" count="0" type="stmt"/>
        <line num="50" count="0" type="stmt"/>
      </file>
      <file name="MobileNavBar.jsx" path="/Users/andrewconstancio/Documents/WebDev/ecommerce-livefront-web-challenge/src/components/Navbar/MobileNavBar.jsx">
        <metrics statements="9" coveredstatements="8" conditionals="10" coveredconditionals="10" methods="6" coveredmethods="5"/>
        <line num="9" count="2" type="stmt"/>
        <line num="12" count="3" type="stmt"/>
        <line num="15" count="3" type="stmt"/>
        <line num="17" count="3" type="stmt"/>
        <line num="18" count="1" type="stmt"/>
        <line num="21" count="3" type="stmt"/>
        <line num="27" count="1" type="stmt"/>
        <line num="43" count="0" type="stmt"/>
        <line num="55" count="4" type="stmt"/>
      </file>
      <file name="Navbar.jsx" path="/Users/andrewconstancio/Documents/WebDev/ecommerce-livefront-web-challenge/src/components/Navbar/Navbar.jsx">
        <metrics statements="3" coveredstatements="3" conditionals="0" coveredconditionals="0" methods="2" coveredmethods="2"/>
        <line num="6" count="2" type="stmt"/>
        <line num="9" count="2" type="stmt"/>
        <line num="17" count="8" type="stmt"/>
      </file>
      <file name="Navdropdown.jsx" path="/Users/andrewconstancio/Documents/WebDev/ecommerce-livefront-web-challenge/src/components/Navbar/Navdropdown.jsx">
        <metrics statements="3" coveredstatements="3" conditionals="4" coveredconditionals="4" methods="2" coveredmethods="2"/>
        <line num="4" count="3" type="stmt"/>
        <line num="6" count="3" type="stmt"/>
        <line num="16" count="10" type="stmt"/>
      </file>
      <file name="Navlink.jsx" path="/Users/andrewconstancio/Documents/WebDev/ecommerce-livefront-web-challenge/src/components/Navbar/Navlink.jsx">
        <metrics statements="19" coveredstatements="17" conditionals="19" coveredconditionals="13" methods="8" coveredmethods="7"/>
        <line num="7" count="3" type="stmt"/>
        <line num="10" count="15" type="stmt"/>
        <line num="13" count="15" type="stmt"/>
        <line num="16" count="15" type="stmt"/>
        <line num="17" count="15" type="stmt"/>
        <line num="18" count="0" type="cond" truecount="0" falsecount="5"/>
        <line num="19" count="0" type="stmt"/>
        <line num="22" count="15" type="stmt"/>
        <line num="23" count="15" type="stmt"/>
        <line num="24" count="15" type="stmt"/>
        <line num="25" count="15" type="stmt"/>
        <line num="26" count="15" type="stmt"/>
        <line num="31" count="15" type="stmt"/>
        <line num="32" count="1" type="stmt"/>
        <line num="36" count="15" type="stmt"/>
        <line num="37" count="1" type="stmt"/>
        <line num="41" count="15" type="stmt"/>
        <line num="42" count="2" type="stmt"/>
        <line num="45" count="15" type="stmt"/>
      </file>
    </package>
    <package name="pages">
      <metrics statements="37" coveredstatements="35" conditionals="35" coveredconditionals="33" methods="11" coveredmethods="10"/>
      <file name="ErrorPage.jsx" path="/Users/andrewconstancio/Documents/WebDev/ecommerce-livefront-web-challenge/src/pages/ErrorPage.jsx">
        <metrics statements="2" coveredstatements="1" conditionals="0" coveredconditionals="0" methods="1" coveredmethods="0"/>
        <line num="1" count="1" type="stmt"/>
        <line num="2" count="0" type="stmt"/>
      </file>
      <file name="Home.jsx" path="/Users/andrewconstancio/Documents/WebDev/ecommerce-livefront-web-challenge/src/pages/Home.jsx">
        <metrics statements="14" coveredstatements="14" conditionals="2" coveredconditionals="2" methods="3" coveredmethods="3"/>
        <line num="8" count="2" type="stmt"/>
        <line num="11" count="4" type="stmt"/>
        <line num="14" count="4" type="stmt"/>
        <line num="17" count="4" type="stmt"/>
        <line num="20" count="4" type="stmt"/>
        <line num="22" count="2" type="stmt"/>
        <line num="23" count="2" type="stmt"/>
        <line num="24" count="1" type="stmt"/>
        <line num="26" count="1" type="stmt"/>
        <line num="28" count="2" type="stmt"/>
        <line num="33" count="2" type="stmt"/>
        <line num="37" count="4" type="cond" truecount="2" falsecount="0"/>
        <line num="38" count="1" type="stmt"/>
        <line num="42" count="3" type="stmt"/>
      </file>
      <file name="ProductDetails.jsx" path="/Users/andrewconstancio/Documents/WebDev/ecommerce-livefront-web-challenge/src/pages/ProductDetails.jsx">
        <metrics statements="21" coveredstatements="20" conditionals="33" coveredconditionals="31" methods="7" coveredmethods="7"/>
        <line num="9" count="1" type="stmt"/>
        <line num="12" count="8" type="stmt"/>
        <line num="15" count="8" type="stmt"/>
        <line num="18" count="8" type="stmt"/>
        <line num="21" count="8" type="stmt"/>
        <line num="24" count="8" type="stmt"/>
        <line num="26" count="3" type="stmt"/>
        <line num="27" count="3" type="stmt"/>
        <line num="28" count="2" type="cond" truecount="6" falsecount="1"/>
        <line num="29" count="2" type="stmt"/>
        <line num="31" count="0" type="stmt"/>
        <line num="34" count="1" type="stmt"/>
        <line num="37" count="3" type="stmt"/>
        <line num="41" count="8" type="stmt"/>
        <line num="42" count="1" type="cond" truecount="1" falsecount="1"/>
        <line num="43" count="1" type="stmt"/>
        <line num="48" count="8" type="stmt"/>
        <line num="49" count="1" type="stmt"/>
        <line num="53" count="8" type="cond" truecount="2" falsecount="0"/>
        <line num="54" count="1" type="stmt"/>
        <line num="58" count="7" type="stmt"/>
      </file>
    </package>
    <package name="static">
      <metrics statements="1" coveredstatements="1" conditionals="0" coveredconditionals="0" methods="0" coveredmethods="0"/>
      <file name="Navitems.js" path="/Users/andrewconstancio/Documents/WebDev/ecommerce-livefront-web-challenge/src/static/Navitems.js">
        <metrics statements="1" coveredstatements="1" conditionals="0" coveredconditionals="0" methods="0" coveredmethods="0"/>
        <line num="1" count="4" type="stmt"/>
      </file>
    </package>
  </project>
</coverage>
