<?xml version="1.0" encoding="UTF-8"?>
<coverage generated="1721610478422" clover="3.2.0">
  <project timestamp="1721610478422" name="All files">
    <metrics statements="115" coveredstatements="77" conditionals="75" coveredconditionals="53" methods="45" coveredmethods="32" elements="235" coveredelements="162" complexity="0" loc="115" ncloc="115" packages="5" files="17" classes="17"/>
    <package name="src">
      <metrics statements="21" coveredstatements="0" conditionals="6" coveredconditionals="0" methods="3" coveredmethods="0"/>
      <file name="data.js" path="/Users/andrewconstancio/Documents/WebDev/ecommerce-livefront-web-challenge/src/data.js">
        <metrics statements="21" coveredstatements="0" conditionals="6" coveredconditionals="0" methods="3" coveredmethods="0"/>
        <line num="6" count="0" type="stmt"/>
        <line num="7" count="0" type="stmt"/>
        <line num="9" count="0" type="cond" truecount="0" falsecount="2"/>
        <line num="10" count="0" type="stmt"/>
        <line num="13" count="0" type="stmt"/>
        <line num="14" count="0" type="stmt"/>
        <line num="16" count="0" type="stmt"/>
        <line num="21" count="0" type="stmt"/>
        <line num="22" count="0" type="stmt"/>
        <line num="24" count="0" type="cond" truecount="0" falsecount="2"/>
        <line num="25" count="0" type="stmt"/>
        <line num="28" count="0" type="stmt"/>
        <line num="29" count="0" type="stmt"/>
        <line num="31" count="0" type="stmt"/>
        <line num="36" count="0" type="stmt"/>
        <line num="37" count="0" type="stmt"/>
        <line num="39" count="0" type="cond" truecount="0" falsecount="2"/>
        <line num="40" count="0" type="stmt"/>
        <line num="43" count="0" type="stmt"/>
        <line num="44" count="0" type="stmt"/>
        <line num="46" count="0" type="stmt"/>
      </file>
    </package>
    <package name="src.components">
      <metrics statements="17" coveredstatements="13" conditionals="11" coveredconditionals="7" methods="7" coveredmethods="5"/>
      <file name="AddToCartButton.jsx" path="/Users/andrewconstancio/Documents/WebDev/ecommerce-livefront-web-challenge/src/components/AddToCartButton.jsx">
        <metrics statements="2" coveredstatements="2" conditionals="0" coveredconditionals="0" methods="1" coveredmethods="1"/>
        <line num="4" count="3" type="stmt"/>
        <line num="5" count="4" type="stmt"/>
      </file>
      <file name="AddToCartSection.jsx" path="/Users/andrewconstancio/Documents/WebDev/ecommerce-livefront-web-challenge/src/components/AddToCartSection.jsx">
        <metrics statements="2" coveredstatements="2" conditionals="0" coveredconditionals="0" methods="1" coveredmethods="1"/>
        <line num="5" count="1" type="stmt"/>
        <line num="6" count="4" type="stmt"/>
      </file>
      <file name="CardProduct.jsx" path="/Users/andrewconstancio/Documents/WebDev/ecommerce-livefront-web-challenge/src/components/CardProduct.jsx">
        <metrics statements="4" coveredstatements="4" conditionals="7" coveredconditionals="7" methods="1" coveredmethods="1"/>
        <line num="5" count="2" type="stmt"/>
        <line num="7" count="3" type="cond" truecount="7" falsecount="0"/>
        <line num="8" count="2" type="stmt"/>
        <line num="11" count="1" type="stmt"/>
      </file>
      <file name="HeroSection.jsx" path="/Users/andrewconstancio/Documents/WebDev/ecommerce-livefront-web-challenge/src/components/HeroSection.jsx">
        <metrics statements="2" coveredstatements="2" conditionals="0" coveredconditionals="0" methods="1" coveredmethods="1"/>
        <line num="4" count="2" type="stmt"/>
        <line num="5" count="1" type="stmt"/>
      </file>
      <file name="ProductCounter.jsx" path="/Users/andrewconstancio/Documents/WebDev/ecommerce-livefront-web-challenge/src/components/ProductCounter.jsx">
        <metrics statements="2" coveredstatements="2" conditionals="0" coveredconditionals="0" methods="1" coveredmethods="1"/>
        <line num="4" count="1" type="stmt"/>
        <line num="5" count="4" type="stmt"/>
      </file>
      <file name="ProductGrid.jsx" path="/Users/andrewconstancio/Documents/WebDev/ecommerce-livefront-web-challenge/src/components/ProductGrid.jsx">
        <metrics statements="5" coveredstatements="1" conditionals="4" coveredconditionals="0" methods="2" coveredmethods="0"/>
        <line num="3" count="1" type="stmt"/>
        <line num="5" count="0" type="cond" truecount="0" falsecount="2"/>
        <line num="6" count="0" type="stmt"/>
        <line num="9" count="0" type="stmt"/>
        <line num="16" count="0" type="stmt"/>
      </file>
    </package>
    <package name="src.components.Navbar">
      <metrics statements="46" coveredstatements="40" conditionals="45" coveredconditionals="35" methods="25" coveredmethods="20"/>
      <file name="Header.jsx" path="/Users/andrewconstancio/Documents/WebDev/ecommerce-livefront-web-challenge/src/components/Navbar/Header.jsx">
        <metrics statements="2" coveredstatements="2" conditionals="0" coveredconditionals="0" methods="1" coveredmethods="1"/>
        <line num="5" count="1" type="stmt"/>
        <line num="6" count="1" type="stmt"/>
      </file>
      <file name="MobileDropdown.jsx" path="/Users/andrewconstancio/Documents/WebDev/ecommerce-livefront-web-challenge/src/components/Navbar/MobileDropdown.jsx">
        <metrics statements="3" coveredstatements="3" conditionals="2" coveredconditionals="1" methods="2" coveredmethods="2"/>
        <line num="4" count="3" type="stmt"/>
        <line num="5" count="2" type="stmt"/>
        <line num="8" count="6" type="stmt"/>
      </file>
      <file name="MobileMenuItems.jsx" path="/Users/andrewconstancio/Documents/WebDev/ecommerce-livefront-web-challenge/src/components/Navbar/MobileMenuItems.jsx">
        <metrics statements="8" coveredstatements="4" conditionals="10" coveredconditionals="7" methods="5" coveredmethods="1"/>
        <line num="7" count="3" type="stmt"/>
        <line num="10" count="12" type="stmt"/>
        <line num="13" count="12" type="stmt"/>
        <line num="14" count="0" type="stmt"/>
        <line num="15" count="0" type="stmt"/>
        <line num="18" count="12" type="stmt"/>
        <line num="27" count="0" type="stmt"/>
        <line num="48" count="0" type="stmt"/>
      </file>
      <file name="MobileNavBar.jsx" path="/Users/andrewconstancio/Documents/WebDev/ecommerce-livefront-web-challenge/src/components/Navbar/MobileNavBar.jsx">
        <metrics statements="8" coveredstatements="8" conditionals="10" coveredconditionals="10" methods="5" coveredmethods="5"/>
        <line num="9" count="2" type="stmt"/>
        <line num="10" count="4" type="stmt"/>
        <line num="12" count="4" type="stmt"/>
        <line num="14" count="3" type="stmt"/>
        <line num="15" count="1" type="stmt"/>
        <line num="18" count="3" type="stmt"/>
        <line num="24" count="1" type="stmt"/>
        <line num="48" count="4" type="stmt"/>
      </file>
      <file name="Navbar.jsx" path="/Users/andrewconstancio/Documents/WebDev/ecommerce-livefront-web-challenge/src/components/Navbar/Navbar.jsx">
        <metrics statements="3" coveredstatements="3" conditionals="0" coveredconditionals="0" methods="2" coveredmethods="2"/>
        <line num="6" count="2" type="stmt"/>
        <line num="8" count="2" type="stmt"/>
        <line num="14" count="8" type="stmt"/>
      </file>
      <file name="Navdropdown.jsx" path="/Users/andrewconstancio/Documents/WebDev/ecommerce-livefront-web-challenge/src/components/Navbar/Navdropdown.jsx">
        <metrics statements="3" coveredstatements="3" conditionals="4" coveredconditionals="4" methods="2" coveredmethods="2"/>
        <line num="4" count="4" type="stmt"/>
        <line num="5" count="3" type="stmt"/>
        <line num="13" count="10" type="stmt"/>
      </file>
      <file name="Navlink.jsx" path="/Users/andrewconstancio/Documents/WebDev/ecommerce-livefront-web-challenge/src/components/Navbar/Navlink.jsx">
        <metrics statements="19" coveredstatements="17" conditionals="19" coveredconditionals="13" methods="8" coveredmethods="7"/>
        <line num="7" count="3" type="stmt"/>
        <line num="9" count="15" type="stmt"/>
        <line num="10" count="15" type="stmt"/>
        <line num="12" count="15" type="stmt"/>
        <line num="13" count="15" type="stmt"/>
        <line num="14" count="0" type="cond" truecount="0" falsecount="5"/>
        <line num="15" count="0" type="stmt"/>
        <line num="18" count="15" type="stmt"/>
        <line num="19" count="15" type="stmt"/>
        <line num="20" count="15" type="stmt"/>
        <line num="21" count="15" type="stmt"/>
        <line num="22" count="15" type="stmt"/>
        <line num="26" count="15" type="stmt"/>
        <line num="27" count="1" type="stmt"/>
        <line num="30" count="15" type="stmt"/>
        <line num="31" count="1" type="stmt"/>
        <line num="34" count="15" type="stmt"/>
        <line num="35" count="2" type="stmt"/>
        <line num="38" count="15" type="stmt"/>
      </file>
    </package>
    <package name="src.pages">
      <metrics statements="30" coveredstatements="23" conditionals="13" coveredconditionals="11" methods="10" coveredmethods="7"/>
      <file name="Home.jsx" path="/Users/andrewconstancio/Documents/WebDev/ecommerce-livefront-web-challenge/src/pages/Home.jsx">
        <metrics statements="7" coveredstatements="1" conditionals="0" coveredconditionals="0" methods="3" coveredmethods="0"/>
        <line num="8" count="1" type="stmt"/>
        <line num="10" count="0" type="stmt"/>
        <line num="12" count="0" type="stmt"/>
        <line num="14" count="0" type="stmt"/>
        <line num="15" count="0" type="stmt"/>
        <line num="17" count="0" type="stmt"/>
        <line num="20" count="0" type="stmt"/>
      </file>
      <file name="ProductDetails.jsx" path="/Users/andrewconstancio/Documents/WebDev/ecommerce-livefront-web-challenge/src/pages/ProductDetails.jsx">
        <metrics statements="23" coveredstatements="22" conditionals="13" coveredconditionals="11" methods="7" coveredmethods="7"/>
        <line num="9" count="1" type="stmt"/>
        <line num="12" count="8" type="stmt"/>
        <line num="15" count="8" type="stmt"/>
        <line num="18" count="8" type="stmt"/>
        <line num="21" count="8" type="stmt"/>
        <line num="24" count="8" type="stmt"/>
        <line num="26" count="3" type="stmt"/>
        <line num="27" count="3" type="stmt"/>
        <line num="28" count="2" type="cond" truecount="6" falsecount="1"/>
        <line num="29" count="2" type="stmt"/>
        <line num="31" count="0" type="stmt"/>
        <line num="34" count="1" type="stmt"/>
        <line num="37" count="3" type="stmt"/>
        <line num="40" count="8" type="stmt"/>
        <line num="41" count="1" type="cond" truecount="1" falsecount="1"/>
        <line num="42" count="1" type="stmt"/>
        <line num="46" count="8" type="stmt"/>
        <line num="47" count="1" type="stmt"/>
        <line num="50" count="8" type="cond" truecount="2" falsecount="0"/>
        <line num="51" count="1" type="stmt"/>
        <line num="54" count="7" type="cond" truecount="2" falsecount="0"/>
        <line num="55" count="3" type="stmt"/>
        <line num="58" count="4" type="stmt"/>
      </file>
    </package>
    <package name="src.static">
      <metrics statements="1" coveredstatements="1" conditionals="0" coveredconditionals="0" methods="0" coveredmethods="0"/>
      <file name="Navitems.js" path="/Users/andrewconstancio/Documents/WebDev/ecommerce-livefront-web-challenge/src/static/Navitems.js">
        <metrics statements="1" coveredstatements="1" conditionals="0" coveredconditionals="0" methods="0" coveredmethods="0"/>
        <line num="1" count="4" type="stmt"/>
      </file>
    </package>
  </project>
</coverage>
