{"/Users/andrewconstancio/Documents/WebDev/ecommerce-livefront-web-challenge/src/data.js": {"path":"/Users/andrewconstancio/Documents/WebDev/ecommerce-livefront-web-challenge/src/data.js","statementMap":{"0":{"start":{"line":6,"column":1},"end":{"line":17,"column":2}},"1":{"start":{"line":7,"column":19},"end":{"line":7,"column":67}},"2":{"start":{"line":9,"column":2},"end":{"line":11,"column":9}},"3":{"start":{"line":10,"column":12},"end":{"line":10,"column":59}},"4":{"start":{"line":13,"column":15},"end":{"line":13,"column":36}},"5":{"start":{"line":14,"column":2},"end":{"line":14,"column":14}},"6":{"start":{"line":16,"column":2},"end":{"line":16,"column":51}},"7":{"start":{"line":21,"column":1},"end":{"line":32,"column":2}},"8":{"start":{"line":22,"column":19},"end":{"line":22,"column":73}},"9":{"start":{"line":24,"column":2},"end":{"line":26,"column":9}},"10":{"start":{"line":25,"column":12},"end":{"line":25,"column":59}},"11":{"start":{"line":28,"column":15},"end":{"line":28,"column":36}},"12":{"start":{"line":29,"column":2},"end":{"line":29,"column":14}},"13":{"start":{"line":31,"column":2},"end":{"line":31,"column":50}},"14":{"start":{"line":36,"column":1},"end":{"line":47,"column":2}},"15":{"start":{"line":37,"column":19},"end":{"line":37,"column":84}},"16":{"start":{"line":39,"column":2},"end":{"line":41,"column":9}},"17":{"start":{"line":40,"column":12},"end":{"line":40,"column":59}},"18":{"start":{"line":43,"column":15},"end":{"line":43,"column":36}},"19":{"start":{"line":44,"column":2},"end":{"line":44,"column":14}},"20":{"start":{"line":46,"column":2},"end":{"line":46,"column":50}}},"fnMap":{"0":{"name":"getAllProducts","decl":{"start":{"line":5,"column":22},"end":{"line":5,"column":36}},"loc":{"start":{"line":5,"column":39},"end":{"line":18,"column":1}},"line":5},"1":{"name":"getProductById","decl":{"start":{"line":20,"column":22},"end":{"line":20,"column":36}},"loc":{"start":{"line":20,"column":41},"end":{"line":33,"column":1}},"line":20},"2":{"name":"getProductsByCategoryName","decl":{"start":{"line":35,"column":22},"end":{"line":35,"column":47}},"loc":{"start":{"line":35,"column":54},"end":{"line":48,"column":1}},"line":35}},"branchMap":{"0":{"loc":{"start":{"line":9,"column":2},"end":{"line":11,"column":9}},"type":"if","locations":[{"start":{"line":9,"column":2},"end":{"line":11,"column":9}},{"start":{},"end":{}}],"line":9},"1":{"loc":{"start":{"line":24,"column":2},"end":{"line":26,"column":9}},"type":"if","locations":[{"start":{"line":24,"column":2},"end":{"line":26,"column":9}},{"start":{},"end":{}}],"line":24},"2":{"loc":{"start":{"line":39,"column":2},"end":{"line":41,"column":9}},"type":"if","locations":[{"start":{"line":39,"column":2},"end":{"line":41,"column":9}},{"start":{},"end":{}}],"line":39}},"s":{"0":0,"1":0,"2":0,"3":0,"4":0,"5":0,"6":0,"7":0,"8":0,"9":0,"10":0,"11":0,"12":0,"13":0,"14":0,"15":0,"16":0,"17":0,"18":0,"19":0,"20":0},"f":{"0":0,"1":0,"2":0},"b":{"0":[0,0],"1":[0,0],"2":[0,0]},"_coverageSchema":"1a1c01bbd47fc00a2c39e90264f33305004495a9","hash":"cba30fb001eeb12f19f73a13fe3e51048d15fd18"}
,"/Users/andrewconstancio/Documents/WebDev/ecommerce-livefront-web-challenge/src/components/AddToCartButton.jsx": {"path":"/Users/andrewconstancio/Documents/WebDev/ecommerce-livefront-web-challenge/src/components/AddToCartButton.jsx","statementMap":{"0":{"start":{"line":4,"column":24},"end":{"line":10,"column":1}},"1":{"start":{"line":5,"column":1},"end":{"line":9,"column":2}}},"fnMap":{"0":{"name":"(anonymous_0)","decl":{"start":{"line":4,"column":24},"end":{"line":4,"column":25}},"loc":{"start":{"line":4,"column":43},"end":{"line":10,"column":1}},"line":4}},"branchMap":{},"s":{"0":3,"1":4},"f":{"0":4},"b":{},"_coverageSchema":"1a1c01bbd47fc00a2c39e90264f33305004495a9","hash":"96745bda904851ecef4f118ddeb188cb64328c7e"}
,"/Users/andrewconstancio/Documents/WebDev/ecommerce-livefront-web-challenge/src/components/AddToCartSection.jsx": {"path":"/Users/andrewconstancio/Documents/WebDev/ecommerce-livefront-web-challenge/src/components/AddToCartSection.jsx","statementMap":{"0":{"start":{"line":5,"column":25},"end":{"line":18,"column":1}},"1":{"start":{"line":6,"column":1},"end":{"line":17,"column":2}}},"fnMap":{"0":{"name":"(anonymous_0)","decl":{"start":{"line":5,"column":25},"end":{"line":5,"column":26}},"loc":{"start":{"line":5,"column":87},"end":{"line":18,"column":1}},"line":5}},"branchMap":{},"s":{"0":1,"1":4},"f":{"0":4},"b":{},"_coverageSchema":"1a1c01bbd47fc00a2c39e90264f33305004495a9","hash":"8a70a233a134763ef44fe73fce8f05702543ec3d"}
,"/Users/andrewconstancio/Documents/WebDev/ecommerce-livefront-web-challenge/src/components/CardProduct.jsx": {"path":"/Users/andrewconstancio/Documents/WebDev/ecommerce-livefront-web-challenge/src/components/CardProduct.jsx","statementMap":{"0":{"start":{"line":5,"column":20},"end":{"line":39,"column":1}},"1":{"start":{"line":7,"column":1},"end":{"line":9,"column":2}},"2":{"start":{"line":8,"column":2},"end":{"line":8,"column":14}},"3":{"start":{"line":11,"column":1},"end":{"line":38,"column":2}}},"fnMap":{"0":{"name":"(anonymous_0)","decl":{"start":{"line":5,"column":20},"end":{"line":5,"column":21}},"loc":{"start":{"line":5,"column":35},"end":{"line":39,"column":1}},"line":5}},"branchMap":{"0":{"loc":{"start":{"line":7,"column":1},"end":{"line":9,"column":2}},"type":"if","locations":[{"start":{"line":7,"column":1},"end":{"line":9,"column":2}},{"start":{},"end":{}}],"line":7},"1":{"loc":{"start":{"line":7,"column":4},"end":{"line":7,"column":87}},"type":"binary-expr","locations":[{"start":{"line":7,"column":4},"end":{"line":7,"column":12}},{"start":{"line":7,"column":16},"end":{"line":7,"column":30}},{"start":{"line":7,"column":34},"end":{"line":7,"column":48}},{"start":{"line":7,"column":52},"end":{"line":7,"column":69}},{"start":{"line":7,"column":73},"end":{"line":7,"column":87}}],"line":7}},"s":{"0":2,"1":3,"2":2,"3":1},"f":{"0":3},"b":{"0":[2,1],"1":[3,2,1,1,1]},"_coverageSchema":"1a1c01bbd47fc00a2c39e90264f33305004495a9","hash":"e71e6aa3eec4b75e334b26b350fdfc857b66fce2"}
,"/Users/andrewconstancio/Documents/WebDev/ecommerce-livefront-web-challenge/src/components/HeroSection.jsx": {"path":"/Users/andrewconstancio/Documents/WebDev/ecommerce-livefront-web-challenge/src/components/HeroSection.jsx","statementMap":{"0":{"start":{"line":4,"column":20},"end":{"line":17,"column":1}},"1":{"start":{"line":5,"column":1},"end":{"line":16,"column":3}}},"fnMap":{"0":{"name":"(anonymous_0)","decl":{"start":{"line":4,"column":20},"end":{"line":4,"column":21}},"loc":{"start":{"line":4,"column":26},"end":{"line":17,"column":1}},"line":4}},"branchMap":{},"s":{"0":2,"1":1},"f":{"0":1},"b":{},"_coverageSchema":"1a1c01bbd47fc00a2c39e90264f33305004495a9","hash":"847235addcb916d4c2d88a4f9450dfd9a3a901a0"}
,"/Users/andrewconstancio/Documents/WebDev/ecommerce-livefront-web-challenge/src/components/ProductCounter.jsx": {"path":"/Users/andrewconstancio/Documents/WebDev/ecommerce-livefront-web-challenge/src/components/ProductCounter.jsx","statementMap":{"0":{"start":{"line":4,"column":23},"end":{"line":26,"column":1}},"1":{"start":{"line":5,"column":1},"end":{"line":25,"column":3}}},"fnMap":{"0":{"name":"(anonymous_0)","decl":{"start":{"line":4,"column":23},"end":{"line":4,"column":24}},"loc":{"start":{"line":4,"column":83},"end":{"line":26,"column":1}},"line":4}},"branchMap":{},"s":{"0":1,"1":4},"f":{"0":4},"b":{},"_coverageSchema":"1a1c01bbd47fc00a2c39e90264f33305004495a9","hash":"bec76ce46161cec318fd8f0e64dcda19d437965f"}
,"/Users/andrewconstancio/Documents/WebDev/ecommerce-livefront-web-challenge/src/components/ProductGrid.jsx": {"path":"/Users/andrewconstancio/Documents/WebDev/ecommerce-livefront-web-challenge/src/components/ProductGrid.jsx","statementMap":{"0":{"start":{"line":3,"column":20},"end":{"line":21,"column":1}},"1":{"start":{"line":5,"column":1},"end":{"line":7,"column":2}},"2":{"start":{"line":6,"column":2},"end":{"line":6,"column":14}},"3":{"start":{"line":9,"column":1},"end":{"line":20,"column":2}},"4":{"start":{"line":16,"column":5},"end":{"line":16,"column":62}}},"fnMap":{"0":{"name":"(anonymous_0)","decl":{"start":{"line":3,"column":20},"end":{"line":3,"column":21}},"loc":{"start":{"line":3,"column":50},"end":{"line":21,"column":1}},"line":3},"1":{"name":"(anonymous_1)","decl":{"start":{"line":15,"column":18},"end":{"line":15,"column":19}},"loc":{"start":{"line":15,"column":29},"end":{"line":17,"column":5}},"line":15}},"branchMap":{"0":{"loc":{"start":{"line":5,"column":1},"end":{"line":7,"column":2}},"type":"if","locations":[{"start":{"line":5,"column":1},"end":{"line":7,"column":2}},{"start":{},"end":{}}],"line":5},"1":{"loc":{"start":{"line":11,"column":4},"end":{"line":13,"column":4}},"type":"binary-expr","locations":[{"start":{"line":11,"column":4},"end":{"line":11,"column":16}},{"start":{"line":12,"column":4},"end":{"line":12,"column":93}}],"line":11}},"s":{"0":1,"1":0,"2":0,"3":0,"4":0},"f":{"0":0,"1":0},"b":{"0":[0,0],"1":[0,0]},"_coverageSchema":"1a1c01bbd47fc00a2c39e90264f33305004495a9","hash":"314f4d0408724a454b217356167ebf9a18aa2ebb"}
,"/Users/andrewconstancio/Documents/WebDev/ecommerce-livefront-web-challenge/src/components/Navbar/Header.jsx": {"path":"/Users/andrewconstancio/Documents/WebDev/ecommerce-livefront-web-challenge/src/components/Navbar/Header.jsx","statementMap":{"0":{"start":{"line":5,"column":15},"end":{"line":15,"column":1}},"1":{"start":{"line":6,"column":1},"end":{"line":14,"column":2}}},"fnMap":{"0":{"name":"(anonymous_0)","decl":{"start":{"line":5,"column":15},"end":{"line":5,"column":16}},"loc":{"start":{"line":5,"column":21},"end":{"line":15,"column":1}},"line":5}},"branchMap":{},"s":{"0":1,"1":1},"f":{"0":1},"b":{},"_coverageSchema":"1a1c01bbd47fc00a2c39e90264f33305004495a9","hash":"a5d950a9aedc846d171d0c5acf550e800de7c055"}
,"/Users/andrewconstancio/Documents/WebDev/ecommerce-livefront-web-challenge/src/components/Navbar/MobileDropdown.jsx": {"path":"/Users/andrewconstancio/Documents/WebDev/ecommerce-livefront-web-challenge/src/components/Navbar/MobileDropdown.jsx","statementMap":{"0":{"start":{"line":4,"column":23},"end":{"line":19,"column":1}},"1":{"start":{"line":5,"column":1},"end":{"line":18,"column":3}},"2":{"start":{"line":8,"column":4},"end":{"line":15,"column":6}}},"fnMap":{"0":{"name":"(anonymous_0)","decl":{"start":{"line":4,"column":23},"end":{"line":4,"column":24}},"loc":{"start":{"line":4,"column":69},"end":{"line":19,"column":1}},"line":4},"1":{"name":"(anonymous_1)","decl":{"start":{"line":7,"column":22},"end":{"line":7,"column":23}},"loc":{"start":{"line":7,"column":39},"end":{"line":16,"column":4}},"line":7}},"branchMap":{"0":{"loc":{"start":{"line":6,"column":29},"end":{"line":6,"column":51}},"type":"cond-expr","locations":[{"start":{"line":6,"column":40},"end":{"line":6,"column":46}},{"start":{"line":6,"column":49},"end":{"line":6,"column":51}}],"line":6}},"s":{"0":3,"1":2,"2":6},"f":{"0":2,"1":6},"b":{"0":[0,2]},"_coverageSchema":"1a1c01bbd47fc00a2c39e90264f33305004495a9","hash":"76c85110f10f30491050e62fb673e0dd22b4c362"}
,"/Users/andrewconstancio/Documents/WebDev/ecommerce-livefront-web-challenge/src/components/Navbar/MobileMenuItems.jsx": {"path":"/Users/andrewconstancio/Documents/WebDev/ecommerce-livefront-web-challenge/src/components/Navbar/MobileMenuItems.jsx","statementMap":{"0":{"start":{"line":7,"column":24},"end":{"line":55,"column":1}},"1":{"start":{"line":10,"column":33},"end":{"line":10,"column":48}},"2":{"start":{"line":13,"column":24},"end":{"line":16,"column":2}},"3":{"start":{"line":14,"column":2},"end":{"line":14,"column":22}},"4":{"start":{"line":15,"column":2},"end":{"line":15,"column":31}},"5":{"start":{"line":15,"column":24},"end":{"line":15,"column":29}},"6":{"start":{"line":18,"column":1},"end":{"line":54,"column":2}},"7":{"start":{"line":27,"column":22},"end":{"line":27,"column":39}},"8":{"start":{"line":48,"column":21},"end":{"line":48,"column":34}}},"fnMap":{"0":{"name":"(anonymous_0)","decl":{"start":{"line":7,"column":24},"end":{"line":7,"column":25}},"loc":{"start":{"line":7,"column":61},"end":{"line":55,"column":1}},"line":7},"1":{"name":"(anonymous_1)","decl":{"start":{"line":13,"column":24},"end":{"line":13,"column":25}},"loc":{"start":{"line":13,"column":31},"end":{"line":16,"column":2}},"line":13},"2":{"name":"(anonymous_2)","decl":{"start":{"line":15,"column":14},"end":{"line":15,"column":15}},"loc":{"start":{"line":15,"column":24},"end":{"line":15,"column":29}},"line":15},"3":{"name":"(anonymous_3)","decl":{"start":{"line":27,"column":15},"end":{"line":27,"column":16}},"loc":{"start":{"line":27,"column":22},"end":{"line":27,"column":39}},"line":27},"4":{"name":"(anonymous_4)","decl":{"start":{"line":48,"column":14},"end":{"line":48,"column":15}},"loc":{"start":{"line":48,"column":21},"end":{"line":48,"column":34}},"line":48}},"branchMap":{"0":{"loc":{"start":{"line":20,"column":4},"end":{"line":52,"column":4}},"type":"cond-expr","locations":[{"start":{"line":21,"column":4},"end":{"line":39,"column":7}},{"start":{"line":41,"column":4},"end":{"line":51,"column":11}}],"line":20},"1":{"loc":{"start":{"line":26,"column":21},"end":{"line":26,"column":48}},"type":"cond-expr","locations":[{"start":{"line":26,"column":32},"end":{"line":26,"column":38}},{"start":{"line":26,"column":41},"end":{"line":26,"column":48}}],"line":26},"2":{"loc":{"start":{"line":30,"column":18},"end":{"line":30,"column":78}},"type":"cond-expr","locations":[{"start":{"line":30,"column":29},"end":{"line":30,"column":54}},{"start":{"line":30,"column":57},"end":{"line":30,"column":78}}],"line":30},"3":{"loc":{"start":{"line":44,"column":16},"end":{"line":44,"column":54}},"type":"cond-expr","locations":[{"start":{"line":44,"column":34},"end":{"line":44,"column":49}},{"start":{"line":44,"column":52},"end":{"line":44,"column":54}}],"line":44},"4":{"loc":{"start":{"line":47,"column":20},"end":{"line":47,"column":47}},"type":"cond-expr","locations":[{"start":{"line":47,"column":31},"end":{"line":47,"column":37}},{"start":{"line":47,"column":40},"end":{"line":47,"column":47}}],"line":47}},"s":{"0":3,"1":12,"2":12,"3":0,"4":0,"5":0,"6":12,"7":0,"8":0},"f":{"0":12,"1":0,"2":0,"3":0,"4":0},"b":{"0":[2,10],"1":[0,2],"2":[0,2],"3":[4,6],"4":[0,10]},"_coverageSchema":"1a1c01bbd47fc00a2c39e90264f33305004495a9","hash":"28ff5caf8756c8dfcd79df45ddac030f2b86afde"}
,"/Users/andrewconstancio/Documents/WebDev/ecommerce-livefront-web-challenge/src/components/Navbar/MobileNavBar.jsx": {"path":"/Users/andrewconstancio/Documents/WebDev/ecommerce-livefront-web-challenge/src/components/Navbar/MobileNavBar.jsx","statementMap":{"0":{"start":{"line":9,"column":21},"end":{"line":61,"column":3}},"1":{"start":{"line":10,"column":20},"end":{"line":10,"column":21}},"2":{"start":{"line":12,"column":33},"end":{"line":12,"column":48}},"3":{"start":{"line":14,"column":20},"end":{"line":16,"column":2}},"4":{"start":{"line":15,"column":2},"end":{"line":15,"column":31}},"5":{"start":{"line":15,"column":24},"end":{"line":15,"column":29}},"6":{"start":{"line":18,"column":1},"end":{"line":60,"column":2}},"7":{"start":{"line":24,"column":20},"end":{"line":24,"column":32}},"8":{"start":{"line":48,"column":5},"end":{"line":55,"column":7}}},"fnMap":{"0":{"name":"(anonymous_0)","decl":{"start":{"line":9,"column":21},"end":{"line":9,"column":22}},"loc":{"start":{"line":9,"column":27},"end":{"line":61,"column":3}},"line":9},"1":{"name":"(anonymous_1)","decl":{"start":{"line":14,"column":20},"end":{"line":14,"column":21}},"loc":{"start":{"line":14,"column":26},"end":{"line":16,"column":2}},"line":14},"2":{"name":"(anonymous_2)","decl":{"start":{"line":15,"column":14},"end":{"line":15,"column":15}},"loc":{"start":{"line":15,"column":24},"end":{"line":15,"column":29}},"line":15},"3":{"name":"(anonymous_3)","decl":{"start":{"line":24,"column":14},"end":{"line":24,"column":15}},"loc":{"start":{"line":24,"column":20},"end":{"line":24,"column":32}},"line":24},"4":{"name":"(anonymous_4)","decl":{"start":{"line":47,"column":19},"end":{"line":47,"column":20}},"loc":{"start":{"line":47,"column":36},"end":{"line":56,"column":6}},"line":47}},"branchMap":{"0":{"loc":{"start":{"line":26,"column":19},"end":{"line":26,"column":46}},"type":"cond-expr","locations":[{"start":{"line":26,"column":30},"end":{"line":26,"column":36}},{"start":{"line":26,"column":39},"end":{"line":26,"column":46}}],"line":26},"1":{"loc":{"start":{"line":27,"column":20},"end":{"line":27,"column":47}},"type":"cond-expr","locations":[{"start":{"line":27,"column":31},"end":{"line":27,"column":37}},{"start":{"line":27,"column":40},"end":{"line":27,"column":47}}],"line":27},"2":{"loc":{"start":{"line":28,"column":17},"end":{"line":28,"column":90}},"type":"cond-expr","locations":[{"start":{"line":28,"column":28},"end":{"line":28,"column":57}},{"start":{"line":28,"column":60},"end":{"line":28,"column":90}}],"line":28},"3":{"loc":{"start":{"line":30,"column":6},"end":{"line":34,"column":6}},"type":"cond-expr","locations":[{"start":{"line":31,"column":6},"end":{"line":31,"column":18}},{"start":{"line":33,"column":6},"end":{"line":33,"column":18}}],"line":30},"4":{"loc":{"start":{"line":45,"column":4},"end":{"line":58,"column":4}},"type":"binary-expr","locations":[{"start":{"line":45,"column":4},"end":{"line":45,"column":12}},{"start":{"line":46,"column":4},"end":{"line":57,"column":9}}],"line":45}},"s":{"0":2,"1":4,"2":4,"3":3,"4":1,"5":1,"6":3,"7":1,"8":4},"f":{"0":4,"1":1,"2":1,"3":1,"4":4},"b":{"0":[1,2],"1":[1,2],"2":[1,2],"3":[1,2],"4":[3,1]},"_coverageSchema":"1a1c01bbd47fc00a2c39e90264f33305004495a9","hash":"6ac5c6c07967f68574221b1f771225558fff32f1"}
,"/Users/andrewconstancio/Documents/WebDev/ecommerce-livefront-web-challenge/src/components/Navbar/Navbar.jsx": {"path":"/Users/andrewconstancio/Documents/WebDev/ecommerce-livefront-web-challenge/src/components/Navbar/Navbar.jsx","statementMap":{"0":{"start":{"line":6,"column":15},"end":{"line":23,"column":3}},"1":{"start":{"line":8,"column":1},"end":{"line":22,"column":2}},"2":{"start":{"line":14,"column":6},"end":{"line":17,"column":8}}},"fnMap":{"0":{"name":"(anonymous_0)","decl":{"start":{"line":6,"column":15},"end":{"line":6,"column":16}},"loc":{"start":{"line":6,"column":21},"end":{"line":23,"column":3}},"line":6},"1":{"name":"(anonymous_1)","decl":{"start":{"line":13,"column":19},"end":{"line":13,"column":20}},"loc":{"start":{"line":14,"column":6},"end":{"line":17,"column":8}},"line":14}},"branchMap":{},"s":{"0":2,"1":2,"2":8},"f":{"0":2,"1":8},"b":{},"_coverageSchema":"1a1c01bbd47fc00a2c39e90264f33305004495a9","hash":"910bb19049dc0ecc424bfcb771f963e54834286c"}
,"/Users/andrewconstancio/Documents/WebDev/ecommerce-livefront-web-challenge/src/components/Navbar/Navdropdown.jsx": {"path":"/Users/andrewconstancio/Documents/WebDev/ecommerce-livefront-web-challenge/src/components/Navbar/Navdropdown.jsx","statementMap":{"0":{"start":{"line":4,"column":20},"end":{"line":25,"column":3}},"1":{"start":{"line":5,"column":1},"end":{"line":24,"column":2}},"2":{"start":{"line":13,"column":3},"end":{"line":21,"column":10}}},"fnMap":{"0":{"name":"(anonymous_0)","decl":{"start":{"line":4,"column":20},"end":{"line":4,"column":21}},"loc":{"start":{"line":4,"column":73},"end":{"line":25,"column":3}},"line":4},"1":{"name":"(anonymous_1)","decl":{"start":{"line":12,"column":21},"end":{"line":12,"column":22}},"loc":{"start":{"line":13,"column":3},"end":{"line":21,"column":10}},"line":13}},"branchMap":{"0":{"loc":{"start":{"line":6,"column":48},"end":{"line":6,"column":70}},"type":"cond-expr","locations":[{"start":{"line":6,"column":59},"end":{"line":6,"column":65}},{"start":{"line":6,"column":68},"end":{"line":6,"column":70}}],"line":6},"1":{"loc":{"start":{"line":7,"column":3},"end":{"line":11,"column":3}},"type":"binary-expr","locations":[{"start":{"line":7,"column":3},"end":{"line":7,"column":18}},{"start":{"line":8,"column":3},"end":{"line":10,"column":8}}],"line":7}},"s":{"0":4,"1":3,"2":10},"f":{"0":3,"1":10},"b":{"0":[1,2],"1":[3,3]},"_coverageSchema":"1a1c01bbd47fc00a2c39e90264f33305004495a9","hash":"e151815048e9f2d9b2c4c749b38767e17a3fad06"}
,"/Users/andrewconstancio/Documents/WebDev/ecommerce-livefront-web-challenge/src/components/Navbar/Navlink.jsx": {"path":"/Users/andrewconstancio/Documents/WebDev/ecommerce-livefront-web-challenge/src/components/Navbar/Navlink.jsx","statementMap":{"0":{"start":{"line":7,"column":16},"end":{"line":78,"column":3}},"1":{"start":{"line":9,"column":33},"end":{"line":9,"column":48}},"2":{"start":{"line":10,"column":11},"end":{"line":10,"column":19}},"3":{"start":{"line":12,"column":1},"end":{"line":24,"column":16}},"4":{"start":{"line":13,"column":18},"end":{"line":17,"column":3}},"5":{"start":{"line":14,"column":3},"end":{"line":16,"column":4}},"6":{"start":{"line":15,"column":4},"end":{"line":15,"column":23}},"7":{"start":{"line":18,"column":3},"end":{"line":18,"column":51}},"8":{"start":{"line":19,"column":3},"end":{"line":19,"column":52}},"9":{"start":{"line":20,"column":2},"end":{"line":23,"column":4}},"10":{"start":{"line":21,"column":3},"end":{"line":21,"column":54}},"11":{"start":{"line":22,"column":3},"end":{"line":22,"column":55}},"12":{"start":{"line":26,"column":22},"end":{"line":28,"column":2}},"13":{"start":{"line":27,"column":2},"end":{"line":27,"column":20}},"14":{"start":{"line":30,"column":22},"end":{"line":32,"column":2}},"15":{"start":{"line":31,"column":2},"end":{"line":31,"column":21}},"16":{"start":{"line":34,"column":24},"end":{"line":36,"column":2}},"17":{"start":{"line":35,"column":2},"end":{"line":35,"column":31}},"18":{"start":{"line":35,"column":24},"end":{"line":35,"column":29}},"19":{"start":{"line":38,"column":1},"end":{"line":77,"column":2}}},"fnMap":{"0":{"name":"(anonymous_0)","decl":{"start":{"line":7,"column":16},"end":{"line":7,"column":17}},"loc":{"start":{"line":7,"column":28},"end":{"line":78,"column":3}},"line":7},"1":{"name":"(anonymous_1)","decl":{"start":{"line":12,"column":11},"end":{"line":12,"column":12}},"loc":{"start":{"line":12,"column":17},"end":{"line":24,"column":2}},"line":12},"2":{"name":"(anonymous_2)","decl":{"start":{"line":13,"column":18},"end":{"line":13,"column":19}},"loc":{"start":{"line":13,"column":29},"end":{"line":17,"column":3}},"line":13},"3":{"name":"(anonymous_3)","decl":{"start":{"line":20,"column":9},"end":{"line":20,"column":10}},"loc":{"start":{"line":20,"column":15},"end":{"line":23,"column":3}},"line":20},"4":{"name":"(anonymous_4)","decl":{"start":{"line":26,"column":22},"end":{"line":26,"column":23}},"loc":{"start":{"line":26,"column":28},"end":{"line":28,"column":2}},"line":26},"5":{"name":"(anonymous_5)","decl":{"start":{"line":30,"column":22},"end":{"line":30,"column":23}},"loc":{"start":{"line":30,"column":28},"end":{"line":32,"column":2}},"line":30},"6":{"name":"(anonymous_6)","decl":{"start":{"line":34,"column":24},"end":{"line":34,"column":25}},"loc":{"start":{"line":34,"column":30},"end":{"line":36,"column":2}},"line":34},"7":{"name":"(anonymous_7)","decl":{"start":{"line":35,"column":14},"end":{"line":35,"column":15}},"loc":{"start":{"line":35,"column":24},"end":{"line":35,"column":29}},"line":35}},"branchMap":{"0":{"loc":{"start":{"line":14,"column":3},"end":{"line":16,"column":4}},"type":"if","locations":[{"start":{"line":14,"column":3},"end":{"line":16,"column":4}},{"start":{},"end":{}}],"line":14},"1":{"loc":{"start":{"line":14,"column":7},"end":{"line":14,"column":69}},"type":"binary-expr","locations":[{"start":{"line":14,"column":7},"end":{"line":14,"column":15}},{"start":{"line":14,"column":19},"end":{"line":14,"column":30}},{"start":{"line":14,"column":34},"end":{"line":14,"column":69}}],"line":14},"2":{"loc":{"start":{"line":45,"column":3},"end":{"line":75,"column":3}},"type":"cond-expr","locations":[{"start":{"line":46,"column":3},"end":{"line":66,"column":6}},{"start":{"line":68,"column":3},"end":{"line":74,"column":10}}],"line":45},"3":{"loc":{"start":{"line":50,"column":19},"end":{"line":50,"column":46}},"type":"cond-expr","locations":[{"start":{"line":50,"column":30},"end":{"line":50,"column":36}},{"start":{"line":50,"column":39},"end":{"line":50,"column":46}}],"line":50},"4":{"loc":{"start":{"line":51,"column":20},"end":{"line":51,"column":47}},"type":"cond-expr","locations":[{"start":{"line":51,"column":31},"end":{"line":51,"column":37}},{"start":{"line":51,"column":40},"end":{"line":51,"column":47}}],"line":51},"5":{"loc":{"start":{"line":53,"column":17},"end":{"line":53,"column":93}},"type":"cond-expr","locations":[{"start":{"line":53,"column":28},"end":{"line":53,"column":58}},{"start":{"line":53,"column":61},"end":{"line":53,"column":93}}],"line":53},"6":{"loc":{"start":{"line":54,"column":16},"end":{"line":54,"column":66}},"type":"cond-expr","locations":[{"start":{"line":54,"column":27},"end":{"line":54,"column":53}},{"start":{"line":54,"column":56},"end":{"line":54,"column":66}}],"line":54},"7":{"loc":{"start":{"line":58,"column":31},"end":{"line":58,"column":91}},"type":"cond-expr","locations":[{"start":{"line":58,"column":42},"end":{"line":58,"column":67}},{"start":{"line":58,"column":70},"end":{"line":58,"column":91}}],"line":58},"8":{"loc":{"start":{"line":71,"column":15},"end":{"line":71,"column":65}},"type":"cond-expr","locations":[{"start":{"line":71,"column":26},"end":{"line":71,"column":52}},{"start":{"line":71,"column":55},"end":{"line":71,"column":65}}],"line":71}},"s":{"0":3,"1":15,"2":15,"3":15,"4":15,"5":0,"6":0,"7":15,"8":15,"9":15,"10":15,"11":15,"12":15,"13":1,"14":15,"15":1,"16":15,"17":2,"18":2,"19":15},"f":{"0":15,"1":15,"2":0,"3":15,"4":1,"5":1,"6":2,"7":2},"b":{"0":[0,0],"1":[0,0,0],"2":[8,7],"3":[2,6],"4":[2,6],"5":[2,6],"6":[2,6],"7":[2,6],"8":[0,7]},"_coverageSchema":"1a1c01bbd47fc00a2c39e90264f33305004495a9","hash":"c8e2c223447e4a9e4c42fbd14c566b3d840fba95"}
,"/Users/andrewconstancio/Documents/WebDev/ecommerce-livefront-web-challenge/src/pages/Home.jsx": {"path":"/Users/andrewconstancio/Documents/WebDev/ecommerce-livefront-web-challenge/src/pages/Home.jsx","statementMap":{"0":{"start":{"line":8,"column":13},"end":{"line":29,"column":1}},"1":{"start":{"line":10,"column":39},"end":{"line":10,"column":51}},"2":{"start":{"line":12,"column":1},"end":{"line":18,"column":8}},"3":{"start":{"line":14,"column":20},"end":{"line":14,"column":42}},"4":{"start":{"line":15,"column":3},"end":{"line":15,"column":28}},"5":{"start":{"line":17,"column":4},"end":{"line":17,"column":20}},"6":{"start":{"line":20,"column":1},"end":{"line":28,"column":2}}},"fnMap":{"0":{"name":"(anonymous_0)","decl":{"start":{"line":8,"column":13},"end":{"line":8,"column":14}},"loc":{"start":{"line":8,"column":19},"end":{"line":29,"column":1}},"line":8},"1":{"name":"(anonymous_1)","decl":{"start":{"line":12,"column":11},"end":{"line":12,"column":12}},"loc":{"start":{"line":12,"column":17},"end":{"line":18,"column":2}},"line":12},"2":{"name":"fetchProducts","decl":{"start":{"line":13,"column":17},"end":{"line":13,"column":30}},"loc":{"start":{"line":13,"column":33},"end":{"line":16,"column":5}},"line":13}},"branchMap":{},"s":{"0":1,"1":0,"2":0,"3":0,"4":0,"5":0,"6":0},"f":{"0":0,"1":0,"2":0},"b":{},"_coverageSchema":"1a1c01bbd47fc00a2c39e90264f33305004495a9","hash":"7ec29617a4174453ab8479addf447bdebcf31ec4"}
,"/Users/andrewconstancio/Documents/WebDev/ecommerce-livefront-web-challenge/src/pages/ProductDetails.jsx": {"path":"/Users/andrewconstancio/Documents/WebDev/ecommerce-livefront-web-challenge/src/pages/ProductDetails.jsx","statementMap":{"0":{"start":{"line":9,"column":23},"end":{"line":99,"column":1}},"1":{"start":{"line":12,"column":16},"end":{"line":12,"column":27}},"2":{"start":{"line":15,"column":31},"end":{"line":15,"column":45}},"3":{"start":{"line":18,"column":27},"end":{"line":18,"column":41}},"4":{"start":{"line":21,"column":51},"end":{"line":21,"column":62}},"5":{"start":{"line":24,"column":1},"end":{"line":38,"column":10}},"6":{"start":{"line":26,"column":3},"end":{"line":35,"column":4}},"7":{"start":{"line":27,"column":20},"end":{"line":27,"column":44}},"8":{"start":{"line":28,"column":4},"end":{"line":32,"column":5}},"9":{"start":{"line":29,"column":5},"end":{"line":29,"column":25}},"10":{"start":{"line":31,"column":5},"end":{"line":31,"column":53}},"11":{"start":{"line":34,"column":4},"end":{"line":34,"column":18}},"12":{"start":{"line":37,"column":4},"end":{"line":37,"column":19}},"13":{"start":{"line":40,"column":34},"end":{"line":44,"column":2}},"14":{"start":{"line":41,"column":2},"end":{"line":43,"column":3}},"15":{"start":{"line":42,"column":3},"end":{"line":42,"column":52}},"16":{"start":{"line":42,"column":37},"end":{"line":42,"column":50}},"17":{"start":{"line":46,"column":29},"end":{"line":48,"column":2}},"18":{"start":{"line":47,"column":2},"end":{"line":47,"column":51}},"19":{"start":{"line":47,"column":36},"end":{"line":47,"column":49}},"20":{"start":{"line":50,"column":1},"end":{"line":52,"column":2}},"21":{"start":{"line":51,"column":2},"end":{"line":51,"column":22}},"22":{"start":{"line":54,"column":1},"end":{"line":56,"column":2}},"23":{"start":{"line":55,"column":2},"end":{"line":55,"column":14}},"24":{"start":{"line":58,"column":1},"end":{"line":98,"column":2}}},"fnMap":{"0":{"name":"(anonymous_0)","decl":{"start":{"line":9,"column":23},"end":{"line":9,"column":24}},"loc":{"start":{"line":9,"column":29},"end":{"line":99,"column":1}},"line":9},"1":{"name":"(anonymous_1)","decl":{"start":{"line":24,"column":11},"end":{"line":24,"column":12}},"loc":{"start":{"line":24,"column":17},"end":{"line":38,"column":2}},"line":24},"2":{"name":"fetchProduct","decl":{"start":{"line":25,"column":17},"end":{"line":25,"column":29}},"loc":{"start":{"line":25,"column":32},"end":{"line":36,"column":5}},"line":25},"3":{"name":"(anonymous_3)","decl":{"start":{"line":40,"column":34},"end":{"line":40,"column":35}},"loc":{"start":{"line":40,"column":40},"end":{"line":44,"column":2}},"line":40},"4":{"name":"(anonymous_4)","decl":{"start":{"line":42,"column":24},"end":{"line":42,"column":25}},"loc":{"start":{"line":42,"column":37},"end":{"line":42,"column":50}},"line":42},"5":{"name":"(anonymous_5)","decl":{"start":{"line":46,"column":29},"end":{"line":46,"column":30}},"loc":{"start":{"line":46,"column":35},"end":{"line":48,"column":2}},"line":46},"6":{"name":"(anonymous_6)","decl":{"start":{"line":47,"column":23},"end":{"line":47,"column":24}},"loc":{"start":{"line":47,"column":36},"end":{"line":47,"column":49}},"line":47}},"branchMap":{"0":{"loc":{"start":{"line":28,"column":4},"end":{"line":32,"column":5}},"type":"if","locations":[{"start":{"line":28,"column":4},"end":{"line":32,"column":5}},{"start":{"line":30,"column":11},"end":{"line":32,"column":5}}],"line":28},"1":{"loc":{"start":{"line":28,"column":8},"end":{"line":28,"column":86}},"type":"binary-expr","locations":[{"start":{"line":28,"column":8},"end":{"line":28,"column":15}},{"start":{"line":28,"column":19},"end":{"line":28,"column":32}},{"start":{"line":28,"column":36},"end":{"line":28,"column":49}},{"start":{"line":28,"column":53},"end":{"line":28,"column":69}},{"start":{"line":28,"column":73},"end":{"line":28,"column":86}}],"line":28},"2":{"loc":{"start":{"line":41,"column":2},"end":{"line":43,"column":3}},"type":"if","locations":[{"start":{"line":41,"column":2},"end":{"line":43,"column":3}},{"start":{},"end":{}}],"line":41},"3":{"loc":{"start":{"line":50,"column":1},"end":{"line":52,"column":2}},"type":"if","locations":[{"start":{"line":50,"column":1},"end":{"line":52,"column":2}},{"start":{},"end":{}}],"line":50},"4":{"loc":{"start":{"line":54,"column":1},"end":{"line":56,"column":2}},"type":"if","locations":[{"start":{"line":54,"column":1},"end":{"line":56,"column":2}},{"start":{},"end":{}}],"line":54}},"s":{"0":1,"1":8,"2":8,"3":8,"4":8,"5":8,"6":3,"7":3,"8":2,"9":2,"10":0,"11":1,"12":3,"13":8,"14":1,"15":1,"16":1,"17":8,"18":1,"19":1,"20":8,"21":1,"22":7,"23":3,"24":4},"f":{"0":8,"1":3,"2":3,"3":1,"4":1,"5":1,"6":1},"b":{"0":[2,0],"1":[2,2,2,2,2],"2":[1,0],"3":[1,7],"4":[3,4]},"_coverageSchema":"1a1c01bbd47fc00a2c39e90264f33305004495a9","hash":"0bdcd220fef007db87bad4f01a1b817bd52408c5"}
,"/Users/andrewconstancio/Documents/WebDev/ecommerce-livefront-web-challenge/src/static/Navitems.js": {"path":"/Users/andrewconstancio/Documents/WebDev/ecommerce-livefront-web-challenge/src/static/Navitems.js","statementMap":{"0":{"start":{"line":1,"column":24},"end":{"line":43,"column":1}}},"fnMap":{},"branchMap":{},"s":{"0":4},"f":{},"b":{},"_coverageSchema":"1a1c01bbd47fc00a2c39e90264f33305004495a9","hash":"956b5ec08a6920d70c9e13f7a82ad810ceb20f4c"}
}
