{"/Users/andrewconstancio/Documents/WebDev/ecommerce-livefront-web-challenge/src/api/data.js": {"path":"/Users/andrewconstancio/Documents/WebDev/ecommerce-livefront-web-challenge/src/api/data.js","statementMap":{"0":{"start":{"line":6,"column":1},"end":{"line":17,"column":2}},"1":{"start":{"line":7,"column":19},"end":{"line":7,"column":67}},"2":{"start":{"line":9,"column":2},"end":{"line":11,"column":9}},"3":{"start":{"line":10,"column":12},"end":{"line":10,"column":59}},"4":{"start":{"line":13,"column":15},"end":{"line":13,"column":36}},"5":{"start":{"line":14,"column":2},"end":{"line":14,"column":14}},"6":{"start":{"line":16,"column":2},"end":{"line":16,"column":51}},"7":{"start":{"line":21,"column":1},"end":{"line":32,"column":2}},"8":{"start":{"line":22,"column":19},"end":{"line":22,"column":73}},"9":{"start":{"line":24,"column":2},"end":{"line":26,"column":9}},"10":{"start":{"line":25,"column":12},"end":{"line":25,"column":59}},"11":{"start":{"line":28,"column":15},"end":{"line":28,"column":36}},"12":{"start":{"line":29,"column":2},"end":{"line":29,"column":14}},"13":{"start":{"line":31,"column":2},"end":{"line":31,"column":50}},"14":{"start":{"line":36,"column":1},"end":{"line":47,"column":2}},"15":{"start":{"line":37,"column":19},"end":{"line":37,"column":84}},"16":{"start":{"line":39,"column":2},"end":{"line":41,"column":9}},"17":{"start":{"line":40,"column":12},"end":{"line":40,"column":59}},"18":{"start":{"line":43,"column":15},"end":{"line":43,"column":36}},"19":{"start":{"line":44,"column":2},"end":{"line":44,"column":14}},"20":{"start":{"line":46,"column":2},"end":{"line":46,"column":50}}},"fnMap":{"0":{"name":"getAllProducts","decl":{"start":{"line":5,"column":22},"end":{"line":5,"column":36}},"loc":{"start":{"line":5,"column":39},"end":{"line":18,"column":1}},"line":5},"1":{"name":"getProductById","decl":{"start":{"line":20,"column":22},"end":{"line":20,"column":36}},"loc":{"start":{"line":20,"column":41},"end":{"line":33,"column":1}},"line":20},"2":{"name":"getProductsByCategoryName","decl":{"start":{"line":35,"column":22},"end":{"line":35,"column":47}},"loc":{"start":{"line":35,"column":54},"end":{"line":48,"column":1}},"line":35}},"branchMap":{"0":{"loc":{"start":{"line":9,"column":2},"end":{"line":11,"column":9}},"type":"if","locations":[{"start":{"line":9,"column":2},"end":{"line":11,"column":9}},{"start":{},"end":{}}],"line":9},"1":{"loc":{"start":{"line":24,"column":2},"end":{"line":26,"column":9}},"type":"if","locations":[{"start":{"line":24,"column":2},"end":{"line":26,"column":9}},{"start":{},"end":{}}],"line":24},"2":{"loc":{"start":{"line":39,"column":2},"end":{"line":41,"column":9}},"type":"if","locations":[{"start":{"line":39,"column":2},"end":{"line":41,"column":9}},{"start":{},"end":{}}],"line":39}},"s":{"0":0,"1":0,"2":0,"3":0,"4":0,"5":0,"6":0,"7":0,"8":0,"9":0,"10":0,"11":0,"12":0,"13":0,"14":0,"15":0,"16":0,"17":0,"18":0,"19":0,"20":0},"f":{"0":0,"1":0,"2":0},"b":{"0":[0,0],"1":[0,0],"2":[0,0]},"_coverageSchema":"1a1c01bbd47fc00a2c39e90264f33305004495a9","hash":"44a90266156f26547d1ca4d93e1b915dfe006c08"}
,"/Users/andrewconstancio/Documents/WebDev/ecommerce-livefront-web-challenge/src/components/AddToCartButton.jsx": {"path":"/Users/andrewconstancio/Documents/WebDev/ecommerce-livefront-web-challenge/src/components/AddToCartButton.jsx","statementMap":{"0":{"start":{"line":3,"column":24},"end":{"line":10,"column":1}},"1":{"start":{"line":5,"column":1},"end":{"line":9,"column":2}}},"fnMap":{"0":{"name":"(anonymous_0)","decl":{"start":{"line":3,"column":24},"end":{"line":3,"column":25}},"loc":{"start":{"line":3,"column":43},"end":{"line":10,"column":1}},"line":3}},"branchMap":{},"s":{"0":5,"1":8},"f":{"0":8},"b":{},"_coverageSchema":"1a1c01bbd47fc00a2c39e90264f33305004495a9","hash":"9d06219d6caa0aed683b998f42d127463e566531"}
,"/Users/andrewconstancio/Documents/WebDev/ecommerce-livefront-web-challenge/src/components/AddToCartSection.jsx": {"path":"/Users/andrewconstancio/Documents/WebDev/ecommerce-livefront-web-challenge/src/components/AddToCartSection.jsx","statementMap":{"0":{"start":{"line":5,"column":25},"end":{"line":20,"column":1}},"1":{"start":{"line":8,"column":1},"end":{"line":19,"column":2}}},"fnMap":{"0":{"name":"(anonymous_0)","decl":{"start":{"line":5,"column":25},"end":{"line":5,"column":26}},"loc":{"start":{"line":5,"column":87},"end":{"line":20,"column":1}},"line":5}},"branchMap":{},"s":{"0":1,"1":4},"f":{"0":4},"b":{},"_coverageSchema":"1a1c01bbd47fc00a2c39e90264f33305004495a9","hash":"d88c47476c39ab289a691a39e983752450e0b689"}
,"/Users/andrewconstancio/Documents/WebDev/ecommerce-livefront-web-challenge/src/components/CardProduct.jsx": {"path":"/Users/andrewconstancio/Documents/WebDev/ecommerce-livefront-web-challenge/src/components/CardProduct.jsx","statementMap":{"0":{"start":{"line":5,"column":20},"end":{"line":50,"column":1}},"1":{"start":{"line":8,"column":1},"end":{"line":10,"column":2}},"2":{"start":{"line":9,"column":2},"end":{"line":9,"column":14}},"3":{"start":{"line":13,"column":1},"end":{"line":49,"column":2}}},"fnMap":{"0":{"name":"(anonymous_0)","decl":{"start":{"line":5,"column":20},"end":{"line":5,"column":21}},"loc":{"start":{"line":5,"column":35},"end":{"line":50,"column":1}},"line":5}},"branchMap":{"0":{"loc":{"start":{"line":8,"column":1},"end":{"line":10,"column":2}},"type":"if","locations":[{"start":{"line":8,"column":1},"end":{"line":10,"column":2}},{"start":{},"end":{}}],"line":8},"1":{"loc":{"start":{"line":8,"column":4},"end":{"line":8,"column":87}},"type":"binary-expr","locations":[{"start":{"line":8,"column":4},"end":{"line":8,"column":12}},{"start":{"line":8,"column":16},"end":{"line":8,"column":30}},{"start":{"line":8,"column":34},"end":{"line":8,"column":48}},{"start":{"line":8,"column":52},"end":{"line":8,"column":69}},{"start":{"line":8,"column":73},"end":{"line":8,"column":87}}],"line":8}},"s":{"0":4,"1":7,"2":2,"3":5},"f":{"0":7},"b":{"0":[2,5],"1":[7,6,5,5,5]},"_coverageSchema":"1a1c01bbd47fc00a2c39e90264f33305004495a9","hash":"dfbaf11bd804fcfc65e9a1678558583f21799fc2"}
,"/Users/andrewconstancio/Documents/WebDev/ecommerce-livefront-web-challenge/src/components/HeroSection.jsx": {"path":"/Users/andrewconstancio/Documents/WebDev/ecommerce-livefront-web-challenge/src/components/HeroSection.jsx","statementMap":{"0":{"start":{"line":4,"column":20},"end":{"line":18,"column":1}},"1":{"start":{"line":6,"column":1},"end":{"line":17,"column":3}}},"fnMap":{"0":{"name":"(anonymous_0)","decl":{"start":{"line":4,"column":20},"end":{"line":4,"column":21}},"loc":{"start":{"line":4,"column":26},"end":{"line":18,"column":1}},"line":4}},"branchMap":{},"s":{"0":3,"1":4},"f":{"0":4},"b":{},"_coverageSchema":"1a1c01bbd47fc00a2c39e90264f33305004495a9","hash":"e6a6bd021e42d415f2df9d9beaca409894c115e4"}
,"/Users/andrewconstancio/Documents/WebDev/ecommerce-livefront-web-challenge/src/components/ProductCounter.jsx": {"path":"/Users/andrewconstancio/Documents/WebDev/ecommerce-livefront-web-challenge/src/components/ProductCounter.jsx","statementMap":{"0":{"start":{"line":4,"column":23},"end":{"line":34,"column":1}},"1":{"start":{"line":7,"column":1},"end":{"line":33,"column":3}}},"fnMap":{"0":{"name":"(anonymous_0)","decl":{"start":{"line":4,"column":23},"end":{"line":4,"column":24}},"loc":{"start":{"line":4,"column":83},"end":{"line":34,"column":1}},"line":4}},"branchMap":{},"s":{"0":1,"1":4},"f":{"0":4},"b":{},"_coverageSchema":"1a1c01bbd47fc00a2c39e90264f33305004495a9","hash":"5d7269aab7845cb52874ea5b378cf44ab8ff1cec"}
,"/Users/andrewconstancio/Documents/WebDev/ecommerce-livefront-web-challenge/src/components/ProductGrid.jsx": {"path":"/Users/andrewconstancio/Documents/WebDev/ecommerce-livefront-web-challenge/src/components/ProductGrid.jsx","statementMap":{"0":{"start":{"line":5,"column":20},"end":{"line":46,"column":1}},"1":{"start":{"line":8,"column":1},"end":{"line":23,"column":2}},"2":{"start":{"line":9,"column":2},"end":{"line":22,"column":4}},"3":{"start":{"line":15,"column":6},"end":{"line":17,"column":12}},"4":{"start":{"line":26,"column":1},"end":{"line":28,"column":2}},"5":{"start":{"line":27,"column":2},"end":{"line":27,"column":14}},"6":{"start":{"line":31,"column":1},"end":{"line":45,"column":2}},"7":{"start":{"line":41,"column":5},"end":{"line":41,"column":62}}},"fnMap":{"0":{"name":"(anonymous_0)","decl":{"start":{"line":5,"column":20},"end":{"line":5,"column":21}},"loc":{"start":{"line":5,"column":61},"end":{"line":46,"column":1}},"line":5},"1":{"name":"(anonymous_1)","decl":{"start":{"line":14,"column":27},"end":{"line":14,"column":28}},"loc":{"start":{"line":15,"column":6},"end":{"line":17,"column":12}},"line":15},"2":{"name":"(anonymous_2)","decl":{"start":{"line":40,"column":18},"end":{"line":40,"column":19}},"loc":{"start":{"line":40,"column":29},"end":{"line":42,"column":5}},"line":40}},"branchMap":{"0":{"loc":{"start":{"line":8,"column":1},"end":{"line":23,"column":2}},"type":"if","locations":[{"start":{"line":8,"column":1},"end":{"line":23,"column":2}},{"start":{},"end":{}}],"line":8},"1":{"loc":{"start":{"line":26,"column":1},"end":{"line":28,"column":2}},"type":"if","locations":[{"start":{"line":26,"column":1},"end":{"line":28,"column":2}},{"start":{},"end":{}}],"line":26},"2":{"loc":{"start":{"line":34,"column":4},"end":{"line":36,"column":4}},"type":"binary-expr","locations":[{"start":{"line":34,"column":4},"end":{"line":34,"column":16}},{"start":{"line":35,"column":4},"end":{"line":35,"column":93}}],"line":34}},"s":{"0":3,"1":7,"2":3,"3":30,"4":4,"5":2,"6":2,"7":4},"f":{"0":7,"1":30,"2":4},"b":{"0":[3,4],"1":[2,2],"2":[2,1]},"_coverageSchema":"1a1c01bbd47fc00a2c39e90264f33305004495a9","hash":"21be6e4b7864866879e05834671d227dd1d73ee7"}
,"/Users/andrewconstancio/Documents/WebDev/ecommerce-livefront-web-challenge/src/components/Navbar/Header.jsx": {"path":"/Users/andrewconstancio/Documents/WebDev/ecommerce-livefront-web-challenge/src/components/Navbar/Header.jsx","statementMap":{"0":{"start":{"line":5,"column":15},"end":{"line":16,"column":1}},"1":{"start":{"line":7,"column":1},"end":{"line":15,"column":2}}},"fnMap":{"0":{"name":"(anonymous_0)","decl":{"start":{"line":5,"column":15},"end":{"line":5,"column":16}},"loc":{"start":{"line":5,"column":21},"end":{"line":16,"column":1}},"line":5}},"branchMap":{},"s":{"0":1,"1":1},"f":{"0":1},"b":{},"_coverageSchema":"1a1c01bbd47fc00a2c39e90264f33305004495a9","hash":"a09bcf1c0d5b7be8ea65e860143e833b1f27d6ee"}
,"/Users/andrewconstancio/Documents/WebDev/ecommerce-livefront-web-challenge/src/components/Navbar/MobileDropdown.jsx": {"path":"/Users/andrewconstancio/Documents/WebDev/ecommerce-livefront-web-challenge/src/components/Navbar/MobileDropdown.jsx","statementMap":{"0":{"start":{"line":4,"column":23},"end":{"line":22,"column":1}},"1":{"start":{"line":7,"column":1},"end":{"line":21,"column":3}},"2":{"start":{"line":11,"column":4},"end":{"line":18,"column":6}}},"fnMap":{"0":{"name":"(anonymous_0)","decl":{"start":{"line":4,"column":23},"end":{"line":4,"column":24}},"loc":{"start":{"line":4,"column":69},"end":{"line":22,"column":1}},"line":4},"1":{"name":"(anonymous_1)","decl":{"start":{"line":10,"column":22},"end":{"line":10,"column":23}},"loc":{"start":{"line":10,"column":39},"end":{"line":19,"column":4}},"line":10}},"branchMap":{"0":{"loc":{"start":{"line":8,"column":29},"end":{"line":8,"column":51}},"type":"cond-expr","locations":[{"start":{"line":8,"column":40},"end":{"line":8,"column":46}},{"start":{"line":8,"column":49},"end":{"line":8,"column":51}}],"line":8}},"s":{"0":3,"1":2,"2":6},"f":{"0":2,"1":6},"b":{"0":[0,2]},"_coverageSchema":"1a1c01bbd47fc00a2c39e90264f33305004495a9","hash":"3567051ee77afea240126b18b51cd7fd96c3d371"}
,"/Users/andrewconstancio/Documents/WebDev/ecommerce-livefront-web-challenge/src/components/Navbar/MobileMenuItems.jsx": {"path":"/Users/andrewconstancio/Documents/WebDev/ecommerce-livefront-web-challenge/src/components/Navbar/MobileMenuItems.jsx","statementMap":{"0":{"start":{"line":7,"column":24},"end":{"line":57,"column":1}},"1":{"start":{"line":10,"column":33},"end":{"line":10,"column":48}},"2":{"start":{"line":13,"column":24},"end":{"line":15,"column":2}},"3":{"start":{"line":14,"column":2},"end":{"line":14,"column":31}},"4":{"start":{"line":14,"column":24},"end":{"line":14,"column":29}},"5":{"start":{"line":18,"column":1},"end":{"line":56,"column":2}},"6":{"start":{"line":28,"column":21},"end":{"line":28,"column":37}},"7":{"start":{"line":50,"column":20},"end":{"line":50,"column":32}}},"fnMap":{"0":{"name":"(anonymous_0)","decl":{"start":{"line":7,"column":24},"end":{"line":7,"column":25}},"loc":{"start":{"line":7,"column":61},"end":{"line":57,"column":1}},"line":7},"1":{"name":"(anonymous_1)","decl":{"start":{"line":13,"column":24},"end":{"line":13,"column":25}},"loc":{"start":{"line":13,"column":30},"end":{"line":15,"column":2}},"line":13},"2":{"name":"(anonymous_2)","decl":{"start":{"line":14,"column":14},"end":{"line":14,"column":15}},"loc":{"start":{"line":14,"column":24},"end":{"line":14,"column":29}},"line":14},"3":{"name":"(anonymous_3)","decl":{"start":{"line":28,"column":15},"end":{"line":28,"column":16}},"loc":{"start":{"line":28,"column":21},"end":{"line":28,"column":37}},"line":28},"4":{"name":"(anonymous_4)","decl":{"start":{"line":50,"column":14},"end":{"line":50,"column":15}},"loc":{"start":{"line":50,"column":20},"end":{"line":50,"column":32}},"line":50}},"branchMap":{"0":{"loc":{"start":{"line":21,"column":4},"end":{"line":54,"column":4}},"type":"cond-expr","locations":[{"start":{"line":22,"column":4},"end":{"line":40,"column":7}},{"start":{"line":43,"column":4},"end":{"line":53,"column":11}}],"line":21},"1":{"loc":{"start":{"line":27,"column":21},"end":{"line":27,"column":48}},"type":"cond-expr","locations":[{"start":{"line":27,"column":32},"end":{"line":27,"column":38}},{"start":{"line":27,"column":41},"end":{"line":27,"column":48}}],"line":27},"2":{"loc":{"start":{"line":31,"column":18},"end":{"line":31,"column":78}},"type":"cond-expr","locations":[{"start":{"line":31,"column":29},"end":{"line":31,"column":54}},{"start":{"line":31,"column":57},"end":{"line":31,"column":78}}],"line":31},"3":{"loc":{"start":{"line":46,"column":16},"end":{"line":46,"column":54}},"type":"cond-expr","locations":[{"start":{"line":46,"column":34},"end":{"line":46,"column":49}},{"start":{"line":46,"column":52},"end":{"line":46,"column":54}}],"line":46},"4":{"loc":{"start":{"line":49,"column":20},"end":{"line":49,"column":47}},"type":"cond-expr","locations":[{"start":{"line":49,"column":31},"end":{"line":49,"column":37}},{"start":{"line":49,"column":40},"end":{"line":49,"column":47}}],"line":49}},"s":{"0":3,"1":12,"2":12,"3":0,"4":0,"5":12,"6":0,"7":0},"f":{"0":12,"1":0,"2":0,"3":0,"4":0},"b":{"0":[2,10],"1":[0,2],"2":[0,2],"3":[4,6],"4":[0,10]},"_coverageSchema":"1a1c01bbd47fc00a2c39e90264f33305004495a9","hash":"95d1addc25072c4c563b7e98d7d1430a4737d218"}
,"/Users/andrewconstancio/Documents/WebDev/ecommerce-livefront-web-challenge/src/components/Navbar/MobileNavBar.jsx": {"path":"/Users/andrewconstancio/Documents/WebDev/ecommerce-livefront-web-challenge/src/components/Navbar/MobileNavBar.jsx","statementMap":{"0":{"start":{"line":9,"column":21},"end":{"line":68,"column":3}},"1":{"start":{"line":12,"column":20},"end":{"line":12,"column":21}},"2":{"start":{"line":15,"column":33},"end":{"line":15,"column":48}},"3":{"start":{"line":17,"column":20},"end":{"line":19,"column":2}},"4":{"start":{"line":18,"column":2},"end":{"line":18,"column":31}},"5":{"start":{"line":18,"column":24},"end":{"line":18,"column":29}},"6":{"start":{"line":21,"column":1},"end":{"line":67,"column":2}},"7":{"start":{"line":27,"column":20},"end":{"line":27,"column":32}},"8":{"start":{"line":43,"column":25},"end":{"line":43,"column":37}},"9":{"start":{"line":55,"column":5},"end":{"line":62,"column":7}}},"fnMap":{"0":{"name":"(anonymous_0)","decl":{"start":{"line":9,"column":21},"end":{"line":9,"column":22}},"loc":{"start":{"line":9,"column":27},"end":{"line":68,"column":3}},"line":9},"1":{"name":"(anonymous_1)","decl":{"start":{"line":17,"column":20},"end":{"line":17,"column":21}},"loc":{"start":{"line":17,"column":26},"end":{"line":19,"column":2}},"line":17},"2":{"name":"(anonymous_2)","decl":{"start":{"line":18,"column":14},"end":{"line":18,"column":15}},"loc":{"start":{"line":18,"column":24},"end":{"line":18,"column":29}},"line":18},"3":{"name":"(anonymous_3)","decl":{"start":{"line":27,"column":14},"end":{"line":27,"column":15}},"loc":{"start":{"line":27,"column":20},"end":{"line":27,"column":32}},"line":27},"4":{"name":"(anonymous_4)","decl":{"start":{"line":43,"column":19},"end":{"line":43,"column":20}},"loc":{"start":{"line":43,"column":25},"end":{"line":43,"column":37}},"line":43},"5":{"name":"(anonymous_5)","decl":{"start":{"line":54,"column":19},"end":{"line":54,"column":20}},"loc":{"start":{"line":54,"column":36},"end":{"line":63,"column":6}},"line":54}},"branchMap":{"0":{"loc":{"start":{"line":29,"column":19},"end":{"line":29,"column":46}},"type":"cond-expr","locations":[{"start":{"line":29,"column":30},"end":{"line":29,"column":36}},{"start":{"line":29,"column":39},"end":{"line":29,"column":46}}],"line":29},"1":{"loc":{"start":{"line":30,"column":20},"end":{"line":30,"column":47}},"type":"cond-expr","locations":[{"start":{"line":30,"column":31},"end":{"line":30,"column":37}},{"start":{"line":30,"column":40},"end":{"line":30,"column":47}}],"line":30},"2":{"loc":{"start":{"line":31,"column":17},"end":{"line":31,"column":90}},"type":"cond-expr","locations":[{"start":{"line":31,"column":28},"end":{"line":31,"column":57}},{"start":{"line":31,"column":60},"end":{"line":31,"column":90}}],"line":31},"3":{"loc":{"start":{"line":33,"column":6},"end":{"line":37,"column":6}},"type":"cond-expr","locations":[{"start":{"line":34,"column":6},"end":{"line":34,"column":18}},{"start":{"line":36,"column":6},"end":{"line":36,"column":18}}],"line":33},"4":{"loc":{"start":{"line":51,"column":4},"end":{"line":65,"column":4}},"type":"binary-expr","locations":[{"start":{"line":51,"column":4},"end":{"line":51,"column":12}},{"start":{"line":52,"column":4},"end":{"line":64,"column":9}}],"line":51}},"s":{"0":2,"1":3,"2":3,"3":3,"4":1,"5":1,"6":3,"7":1,"8":0,"9":4},"f":{"0":3,"1":1,"2":1,"3":1,"4":0,"5":4},"b":{"0":[1,2],"1":[1,2],"2":[1,2],"3":[1,2],"4":[3,1]},"_coverageSchema":"1a1c01bbd47fc00a2c39e90264f33305004495a9","hash":"d224bbd266e2660e63570c72c21849877464d37e"}
,"/Users/andrewconstancio/Documents/WebDev/ecommerce-livefront-web-challenge/src/components/Navbar/Navbar.jsx": {"path":"/Users/andrewconstancio/Documents/WebDev/ecommerce-livefront-web-challenge/src/components/Navbar/Navbar.jsx","statementMap":{"0":{"start":{"line":6,"column":15},"end":{"line":26,"column":1}},"1":{"start":{"line":9,"column":1},"end":{"line":25,"column":2}},"2":{"start":{"line":17,"column":6},"end":{"line":20,"column":8}}},"fnMap":{"0":{"name":"(anonymous_0)","decl":{"start":{"line":6,"column":15},"end":{"line":6,"column":16}},"loc":{"start":{"line":6,"column":21},"end":{"line":26,"column":1}},"line":6},"1":{"name":"(anonymous_1)","decl":{"start":{"line":16,"column":19},"end":{"line":16,"column":20}},"loc":{"start":{"line":17,"column":6},"end":{"line":20,"column":8}},"line":17}},"branchMap":{},"s":{"0":2,"1":2,"2":8},"f":{"0":2,"1":8},"b":{},"_coverageSchema":"1a1c01bbd47fc00a2c39e90264f33305004495a9","hash":"49026cc6570644eb82a94043f4fe144777da599c"}
,"/Users/andrewconstancio/Documents/WebDev/ecommerce-livefront-web-challenge/src/components/Navbar/Navdropdown.jsx": {"path":"/Users/andrewconstancio/Documents/WebDev/ecommerce-livefront-web-challenge/src/components/Navbar/Navdropdown.jsx","statementMap":{"0":{"start":{"line":4,"column":20},"end":{"line":28,"column":1}},"1":{"start":{"line":6,"column":1},"end":{"line":27,"column":2}},"2":{"start":{"line":16,"column":8},"end":{"line":24,"column":13}}},"fnMap":{"0":{"name":"(anonymous_0)","decl":{"start":{"line":4,"column":20},"end":{"line":4,"column":21}},"loc":{"start":{"line":4,"column":73},"end":{"line":28,"column":1}},"line":4},"1":{"name":"(anonymous_1)","decl":{"start":{"line":15,"column":25},"end":{"line":15,"column":26}},"loc":{"start":{"line":16,"column":8},"end":{"line":24,"column":13}},"line":16}},"branchMap":{"0":{"loc":{"start":{"line":7,"column":48},"end":{"line":7,"column":70}},"type":"cond-expr","locations":[{"start":{"line":7,"column":59},"end":{"line":7,"column":65}},{"start":{"line":7,"column":68},"end":{"line":7,"column":70}}],"line":7},"1":{"loc":{"start":{"line":9,"column":7},"end":{"line":13,"column":7}},"type":"binary-expr","locations":[{"start":{"line":9,"column":7},"end":{"line":9,"column":22}},{"start":{"line":10,"column":8},"end":{"line":12,"column":13}}],"line":9}},"s":{"0":3,"1":3,"2":10},"f":{"0":3,"1":10},"b":{"0":[1,2],"1":[3,3]},"_coverageSchema":"1a1c01bbd47fc00a2c39e90264f33305004495a9","hash":"b46406536262080e21de6760df01cc04f50a1a68"}
,"/Users/andrewconstancio/Documents/WebDev/ecommerce-livefront-web-challenge/src/components/Navbar/Navlink.jsx": {"path":"/Users/andrewconstancio/Documents/WebDev/ecommerce-livefront-web-challenge/src/components/Navbar/Navlink.jsx","statementMap":{"0":{"start":{"line":7,"column":16},"end":{"line":86,"column":1}},"1":{"start":{"line":10,"column":33},"end":{"line":10,"column":48}},"2":{"start":{"line":13,"column":15},"end":{"line":13,"column":23}},"3":{"start":{"line":16,"column":1},"end":{"line":28,"column":16}},"4":{"start":{"line":17,"column":18},"end":{"line":21,"column":3}},"5":{"start":{"line":18,"column":3},"end":{"line":20,"column":4}},"6":{"start":{"line":19,"column":4},"end":{"line":19,"column":23}},"7":{"start":{"line":22,"column":3},"end":{"line":22,"column":51}},"8":{"start":{"line":23,"column":3},"end":{"line":23,"column":52}},"9":{"start":{"line":24,"column":2},"end":{"line":27,"column":4}},"10":{"start":{"line":25,"column":3},"end":{"line":25,"column":54}},"11":{"start":{"line":26,"column":3},"end":{"line":26,"column":55}},"12":{"start":{"line":31,"column":22},"end":{"line":33,"column":2}},"13":{"start":{"line":32,"column":2},"end":{"line":32,"column":20}},"14":{"start":{"line":36,"column":22},"end":{"line":38,"column":2}},"15":{"start":{"line":37,"column":2},"end":{"line":37,"column":21}},"16":{"start":{"line":41,"column":24},"end":{"line":43,"column":2}},"17":{"start":{"line":42,"column":2},"end":{"line":42,"column":31}},"18":{"start":{"line":42,"column":24},"end":{"line":42,"column":29}},"19":{"start":{"line":45,"column":1},"end":{"line":85,"column":2}}},"fnMap":{"0":{"name":"(anonymous_0)","decl":{"start":{"line":7,"column":16},"end":{"line":7,"column":17}},"loc":{"start":{"line":7,"column":28},"end":{"line":86,"column":1}},"line":7},"1":{"name":"(anonymous_1)","decl":{"start":{"line":16,"column":11},"end":{"line":16,"column":12}},"loc":{"start":{"line":16,"column":17},"end":{"line":28,"column":2}},"line":16},"2":{"name":"(anonymous_2)","decl":{"start":{"line":17,"column":18},"end":{"line":17,"column":19}},"loc":{"start":{"line":17,"column":29},"end":{"line":21,"column":3}},"line":17},"3":{"name":"(anonymous_3)","decl":{"start":{"line":24,"column":9},"end":{"line":24,"column":10}},"loc":{"start":{"line":24,"column":15},"end":{"line":27,"column":3}},"line":24},"4":{"name":"(anonymous_4)","decl":{"start":{"line":31,"column":22},"end":{"line":31,"column":23}},"loc":{"start":{"line":31,"column":28},"end":{"line":33,"column":2}},"line":31},"5":{"name":"(anonymous_5)","decl":{"start":{"line":36,"column":22},"end":{"line":36,"column":23}},"loc":{"start":{"line":36,"column":28},"end":{"line":38,"column":2}},"line":36},"6":{"name":"(anonymous_6)","decl":{"start":{"line":41,"column":24},"end":{"line":41,"column":25}},"loc":{"start":{"line":41,"column":30},"end":{"line":43,"column":2}},"line":41},"7":{"name":"(anonymous_7)","decl":{"start":{"line":42,"column":14},"end":{"line":42,"column":15}},"loc":{"start":{"line":42,"column":24},"end":{"line":42,"column":29}},"line":42}},"branchMap":{"0":{"loc":{"start":{"line":18,"column":3},"end":{"line":20,"column":4}},"type":"if","locations":[{"start":{"line":18,"column":3},"end":{"line":20,"column":4}},{"start":{},"end":{}}],"line":18},"1":{"loc":{"start":{"line":18,"column":7},"end":{"line":18,"column":77}},"type":"binary-expr","locations":[{"start":{"line":18,"column":7},"end":{"line":18,"column":15}},{"start":{"line":18,"column":19},"end":{"line":18,"column":34}},{"start":{"line":18,"column":38},"end":{"line":18,"column":77}}],"line":18},"2":{"loc":{"start":{"line":53,"column":3},"end":{"line":83,"column":3}},"type":"cond-expr","locations":[{"start":{"line":54,"column":3},"end":{"line":74,"column":6}},{"start":{"line":76,"column":3},"end":{"line":82,"column":10}}],"line":53},"3":{"loc":{"start":{"line":58,"column":19},"end":{"line":58,"column":46}},"type":"cond-expr","locations":[{"start":{"line":58,"column":30},"end":{"line":58,"column":36}},{"start":{"line":58,"column":39},"end":{"line":58,"column":46}}],"line":58},"4":{"loc":{"start":{"line":59,"column":20},"end":{"line":59,"column":47}},"type":"cond-expr","locations":[{"start":{"line":59,"column":31},"end":{"line":59,"column":37}},{"start":{"line":59,"column":40},"end":{"line":59,"column":47}}],"line":59},"5":{"loc":{"start":{"line":61,"column":17},"end":{"line":61,"column":93}},"type":"cond-expr","locations":[{"start":{"line":61,"column":28},"end":{"line":61,"column":58}},{"start":{"line":61,"column":61},"end":{"line":61,"column":93}}],"line":61},"6":{"loc":{"start":{"line":62,"column":16},"end":{"line":62,"column":66}},"type":"cond-expr","locations":[{"start":{"line":62,"column":27},"end":{"line":62,"column":53}},{"start":{"line":62,"column":56},"end":{"line":62,"column":66}}],"line":62},"7":{"loc":{"start":{"line":66,"column":31},"end":{"line":66,"column":91}},"type":"cond-expr","locations":[{"start":{"line":66,"column":42},"end":{"line":66,"column":67}},{"start":{"line":66,"column":70},"end":{"line":66,"column":91}}],"line":66},"8":{"loc":{"start":{"line":79,"column":15},"end":{"line":79,"column":65}},"type":"cond-expr","locations":[{"start":{"line":79,"column":26},"end":{"line":79,"column":52}},{"start":{"line":79,"column":55},"end":{"line":79,"column":65}}],"line":79}},"s":{"0":3,"1":15,"2":15,"3":15,"4":15,"5":0,"6":0,"7":15,"8":15,"9":15,"10":15,"11":15,"12":15,"13":1,"14":15,"15":1,"16":15,"17":2,"18":2,"19":15},"f":{"0":15,"1":15,"2":0,"3":15,"4":1,"5":1,"6":2,"7":2},"b":{"0":[0,0],"1":[0,0,0],"2":[8,7],"3":[2,6],"4":[2,6],"5":[2,6],"6":[2,6],"7":[2,6],"8":[0,7]},"_coverageSchema":"1a1c01bbd47fc00a2c39e90264f33305004495a9","hash":"de78f1d25d9ddb939c1bdaf0dd946abd6145c350"}
,"/Users/andrewconstancio/Documents/WebDev/ecommerce-livefront-web-challenge/src/pages/ErrorPage.jsx": {"path":"/Users/andrewconstancio/Documents/WebDev/ecommerce-livefront-web-challenge/src/pages/ErrorPage.jsx","statementMap":{"0":{"start":{"line":1,"column":18},"end":{"line":8,"column":1}},"1":{"start":{"line":2,"column":1},"end":{"line":7,"column":3}}},"fnMap":{"0":{"name":"(anonymous_0)","decl":{"start":{"line":1,"column":18},"end":{"line":1,"column":19}},"loc":{"start":{"line":1,"column":24},"end":{"line":8,"column":1}},"line":1}},"branchMap":{},"s":{"0":1,"1":0},"f":{"0":0},"b":{},"_coverageSchema":"1a1c01bbd47fc00a2c39e90264f33305004495a9","hash":"7af6e443f1f2b24e7ba717aa835be802f7d19716"}
,"/Users/andrewconstancio/Documents/WebDev/ecommerce-livefront-web-challenge/src/pages/Home.jsx": {"path":"/Users/andrewconstancio/Documents/WebDev/ecommerce-livefront-web-challenge/src/pages/Home.jsx","statementMap":{"0":{"start":{"line":8,"column":13},"end":{"line":55,"column":1}},"1":{"start":{"line":11,"column":33},"end":{"line":11,"column":45}},"2":{"start":{"line":14,"column":51},"end":{"line":14,"column":65}},"3":{"start":{"line":17,"column":27},"end":{"line":17,"column":37}},"4":{"start":{"line":20,"column":1},"end":{"line":34,"column":8}},"5":{"start":{"line":22,"column":3},"end":{"line":29,"column":4}},"6":{"start":{"line":23,"column":21},"end":{"line":23,"column":43}},"7":{"start":{"line":24,"column":4},"end":{"line":24,"column":26}},"8":{"start":{"line":26,"column":4},"end":{"line":26,"column":18}},"9":{"start":{"line":28,"column":4},"end":{"line":28,"column":32}},"10":{"start":{"line":33,"column":2},"end":{"line":33,"column":21}},"11":{"start":{"line":37,"column":1},"end":{"line":39,"column":2}},"12":{"start":{"line":38,"column":2},"end":{"line":38,"column":22}},"13":{"start":{"line":42,"column":1},"end":{"line":54,"column":2}}},"fnMap":{"0":{"name":"(anonymous_0)","decl":{"start":{"line":8,"column":13},"end":{"line":8,"column":14}},"loc":{"start":{"line":8,"column":19},"end":{"line":55,"column":1}},"line":8},"1":{"name":"(anonymous_1)","decl":{"start":{"line":20,"column":11},"end":{"line":20,"column":12}},"loc":{"start":{"line":20,"column":17},"end":{"line":34,"column":2}},"line":20},"2":{"name":"fetchAllProducts","decl":{"start":{"line":21,"column":17},"end":{"line":21,"column":33}},"loc":{"start":{"line":21,"column":36},"end":{"line":30,"column":3}},"line":21}},"branchMap":{"0":{"loc":{"start":{"line":37,"column":1},"end":{"line":39,"column":2}},"type":"if","locations":[{"start":{"line":37,"column":1},"end":{"line":39,"column":2}},{"start":{},"end":{}}],"line":37}},"s":{"0":2,"1":4,"2":4,"3":4,"4":4,"5":2,"6":2,"7":1,"8":1,"9":2,"10":2,"11":4,"12":1,"13":3},"f":{"0":4,"1":2,"2":2},"b":{"0":[1,3]},"_coverageSchema":"1a1c01bbd47fc00a2c39e90264f33305004495a9","hash":"62ad1b546c904263eed0c0b909d3f627f2853a7c"}
,"/Users/andrewconstancio/Documents/WebDev/ecommerce-livefront-web-challenge/src/pages/ProductDetails.jsx": {"path":"/Users/andrewconstancio/Documents/WebDev/ecommerce-livefront-web-challenge/src/pages/ProductDetails.jsx","statementMap":{"0":{"start":{"line":9,"column":23},"end":{"line":133,"column":1}},"1":{"start":{"line":12,"column":16},"end":{"line":12,"column":27}},"2":{"start":{"line":15,"column":31},"end":{"line":15,"column":45}},"3":{"start":{"line":18,"column":27},"end":{"line":18,"column":41}},"4":{"start":{"line":21,"column":51},"end":{"line":21,"column":62}},"5":{"start":{"line":24,"column":1},"end":{"line":38,"column":10}},"6":{"start":{"line":26,"column":3},"end":{"line":35,"column":4}},"7":{"start":{"line":27,"column":20},"end":{"line":27,"column":44}},"8":{"start":{"line":28,"column":4},"end":{"line":32,"column":5}},"9":{"start":{"line":29,"column":5},"end":{"line":29,"column":25}},"10":{"start":{"line":31,"column":5},"end":{"line":31,"column":53}},"11":{"start":{"line":34,"column":4},"end":{"line":34,"column":18}},"12":{"start":{"line":37,"column":4},"end":{"line":37,"column":19}},"13":{"start":{"line":41,"column":34},"end":{"line":45,"column":2}},"14":{"start":{"line":42,"column":2},"end":{"line":44,"column":3}},"15":{"start":{"line":43,"column":3},"end":{"line":43,"column":52}},"16":{"start":{"line":43,"column":37},"end":{"line":43,"column":50}},"17":{"start":{"line":48,"column":29},"end":{"line":50,"column":2}},"18":{"start":{"line":49,"column":2},"end":{"line":49,"column":51}},"19":{"start":{"line":49,"column":36},"end":{"line":49,"column":49}},"20":{"start":{"line":53,"column":1},"end":{"line":55,"column":2}},"21":{"start":{"line":54,"column":2},"end":{"line":54,"column":22}},"22":{"start":{"line":58,"column":1},"end":{"line":132,"column":2}}},"fnMap":{"0":{"name":"(anonymous_0)","decl":{"start":{"line":9,"column":23},"end":{"line":9,"column":24}},"loc":{"start":{"line":9,"column":29},"end":{"line":133,"column":1}},"line":9},"1":{"name":"(anonymous_1)","decl":{"start":{"line":24,"column":11},"end":{"line":24,"column":12}},"loc":{"start":{"line":24,"column":17},"end":{"line":38,"column":2}},"line":24},"2":{"name":"fetchProduct","decl":{"start":{"line":25,"column":17},"end":{"line":25,"column":29}},"loc":{"start":{"line":25,"column":32},"end":{"line":36,"column":5}},"line":25},"3":{"name":"(anonymous_3)","decl":{"start":{"line":41,"column":34},"end":{"line":41,"column":35}},"loc":{"start":{"line":41,"column":40},"end":{"line":45,"column":2}},"line":41},"4":{"name":"(anonymous_4)","decl":{"start":{"line":43,"column":24},"end":{"line":43,"column":25}},"loc":{"start":{"line":43,"column":37},"end":{"line":43,"column":50}},"line":43},"5":{"name":"(anonymous_5)","decl":{"start":{"line":48,"column":29},"end":{"line":48,"column":30}},"loc":{"start":{"line":48,"column":35},"end":{"line":50,"column":2}},"line":48},"6":{"name":"(anonymous_6)","decl":{"start":{"line":49,"column":23},"end":{"line":49,"column":24}},"loc":{"start":{"line":49,"column":36},"end":{"line":49,"column":49}},"line":49}},"branchMap":{"0":{"loc":{"start":{"line":28,"column":4},"end":{"line":32,"column":5}},"type":"if","locations":[{"start":{"line":28,"column":4},"end":{"line":32,"column":5}},{"start":{"line":30,"column":11},"end":{"line":32,"column":5}}],"line":28},"1":{"loc":{"start":{"line":28,"column":8},"end":{"line":28,"column":86}},"type":"binary-expr","locations":[{"start":{"line":28,"column":8},"end":{"line":28,"column":15}},{"start":{"line":28,"column":19},"end":{"line":28,"column":32}},{"start":{"line":28,"column":36},"end":{"line":28,"column":49}},{"start":{"line":28,"column":53},"end":{"line":28,"column":69}},{"start":{"line":28,"column":73},"end":{"line":28,"column":86}}],"line":28},"2":{"loc":{"start":{"line":42,"column":2},"end":{"line":44,"column":3}},"type":"if","locations":[{"start":{"line":42,"column":2},"end":{"line":44,"column":3}},{"start":{},"end":{}}],"line":42},"3":{"loc":{"start":{"line":53,"column":1},"end":{"line":55,"column":2}},"type":"if","locations":[{"start":{"line":53,"column":1},"end":{"line":55,"column":2}},{"start":{},"end":{}}],"line":53},"4":{"loc":{"start":{"line":63,"column":6},"end":{"line":72,"column":6}},"type":"cond-expr","locations":[{"start":{"line":64,"column":6},"end":{"line":69,"column":8}},{"start":{"line":71,"column":6},"end":{"line":71,"column":57}}],"line":63},"5":{"loc":{"start":{"line":63,"column":6},"end":{"line":63,"column":30}},"type":"binary-expr","locations":[{"start":{"line":63,"column":6},"end":{"line":63,"column":13}},{"start":{"line":63,"column":17},"end":{"line":63,"column":30}}],"line":63},"6":{"loc":{"start":{"line":77,"column":6},"end":{"line":86,"column":6}},"type":"cond-expr","locations":[{"start":{"line":78,"column":6},"end":{"line":83,"column":13}},{"start":{"line":85,"column":6},"end":{"line":85,"column":56}}],"line":77},"7":{"loc":{"start":{"line":77,"column":6},"end":{"line":77,"column":33}},"type":"binary-expr","locations":[{"start":{"line":77,"column":6},"end":{"line":77,"column":13}},{"start":{"line":77,"column":17},"end":{"line":77,"column":33}}],"line":77},"8":{"loc":{"start":{"line":89,"column":6},"end":{"line":97,"column":6}},"type":"cond-expr","locations":[{"start":{"line":90,"column":6},"end":{"line":94,"column":13}},{"start":{"line":96,"column":6},"end":{"line":96,"column":52}}],"line":89},"9":{"loc":{"start":{"line":89,"column":6},"end":{"line":89,"column":30}},"type":"binary-expr","locations":[{"start":{"line":89,"column":6},"end":{"line":89,"column":13}},{"start":{"line":89,"column":17},"end":{"line":89,"column":30}}],"line":89},"10":{"loc":{"start":{"line":100,"column":6},"end":{"line":108,"column":6}},"type":"cond-expr","locations":[{"start":{"line":101,"column":6},"end":{"line":105,"column":13}},{"start":{"line":107,"column":6},"end":{"line":107,"column":58}}],"line":100},"11":{"loc":{"start":{"line":100,"column":6},"end":{"line":100,"column":36}},"type":"binary-expr","locations":[{"start":{"line":100,"column":6},"end":{"line":100,"column":13}},{"start":{"line":100,"column":17},"end":{"line":100,"column":36}}],"line":100},"12":{"loc":{"start":{"line":111,"column":6},"end":{"line":119,"column":6}},"type":"cond-expr","locations":[{"start":{"line":112,"column":6},"end":{"line":116,"column":13}},{"start":{"line":118,"column":6},"end":{"line":118,"column":58}}],"line":111},"13":{"loc":{"start":{"line":111,"column":6},"end":{"line":111,"column":30}},"type":"binary-expr","locations":[{"start":{"line":111,"column":6},"end":{"line":111,"column":13}},{"start":{"line":111,"column":17},"end":{"line":111,"column":30}}],"line":111},"14":{"loc":{"start":{"line":122,"column":6},"end":{"line":128,"column":6}},"type":"binary-expr","locations":[{"start":{"line":122,"column":6},"end":{"line":122,"column":13}},{"start":{"line":123,"column":6},"end":{"line":127,"column":8}}],"line":122}},"s":{"0":1,"1":8,"2":8,"3":8,"4":8,"5":8,"6":3,"7":3,"8":2,"9":2,"10":0,"11":1,"12":3,"13":8,"14":1,"15":1,"16":1,"17":8,"18":1,"19":1,"20":8,"21":1,"22":7},"f":{"0":8,"1":3,"2":3,"3":1,"4":1,"5":1,"6":1},"b":{"0":[2,0],"1":[2,2,2,2,2],"2":[1,0],"3":[1,7],"4":[4,3],"5":[7,4],"6":[4,3],"7":[7,4],"8":[4,3],"9":[7,4],"10":[4,3],"11":[7,4],"12":[4,3],"13":[7,4],"14":[7,4]},"_coverageSchema":"1a1c01bbd47fc00a2c39e90264f33305004495a9","hash":"9aab1bc200fab33c1dca82772f20200e3dc08174"}
,"/Users/andrewconstancio/Documents/WebDev/ecommerce-livefront-web-challenge/src/static/Navitems.js": {"path":"/Users/andrewconstancio/Documents/WebDev/ecommerce-livefront-web-challenge/src/static/Navitems.js","statementMap":{"0":{"start":{"line":1,"column":24},"end":{"line":43,"column":1}}},"fnMap":{},"branchMap":{},"s":{"0":4},"f":{},"b":{},"_coverageSchema":"1a1c01bbd47fc00a2c39e90264f33305004495a9","hash":"956b5ec08a6920d70c9e13f7a82ad810ceb20f4c"}
}
