TN:
SF:src/data.js
FN:5,getAllProducts
FN:20,getProductById
FN:35,getProductsByCategoryName
FNF:3
FNH:0
FNDA:0,getAllProducts
FNDA:0,getProductById
FNDA:0,getProductsByCategoryName
DA:6,0
DA:7,0
DA:9,0
DA:10,0
DA:13,0
DA:14,0
DA:16,0
DA:21,0
DA:22,0
DA:24,0
DA:25,0
DA:28,0
DA:29,0
DA:31,0
DA:36,0
DA:37,0
DA:39,0
DA:40,0
DA:43,0
DA:44,0
DA:46,0
LF:21
LH:0
BRDA:9,0,0,0
BRDA:9,0,1,0
BRDA:24,1,0,0
BRDA:24,1,1,0
BRDA:39,2,0,0
BRDA:39,2,1,0
BRF:6
BRH:0
end_of_record
TN:
SF:src/components/AddToCartButton.jsx
FN:4,(anonymous_0)
FNF:1
FNH:1
FNDA:4,(anonymous_0)
DA:4,3
DA:5,4
LF:2
LH:2
BRF:0
BRH:0
end_of_record
TN:
SF:src/components/AddToCartSection.jsx
FN:5,(anonymous_0)
FNF:1
FNH:1
FNDA:4,(anonymous_0)
DA:5,1
DA:6,4
LF:2
LH:2
BRF:0
BRH:0
end_of_record
TN:
SF:src/components/CardProduct.jsx
FN:5,(anonymous_0)
FNF:1
FNH:1
FNDA:3,(anonymous_0)
DA:5,2
DA:7,3
DA:8,2
DA:11,1
LF:4
LH:4
BRDA:7,0,0,2
BRDA:7,0,1,1
BRDA:7,1,0,3
BRDA:7,1,1,2
BRDA:7,1,2,1
BRDA:7,1,3,1
BRDA:7,1,4,1
BRF:7
BRH:7
end_of_record
TN:
SF:src/components/HeroSection.jsx
FN:4,(anonymous_0)
FNF:1
FNH:1
FNDA:1,(anonymous_0)
DA:4,2
DA:5,1
LF:2
LH:2
BRF:0
BRH:0
end_of_record
TN:
SF:src/components/ProductCounter.jsx
FN:4,(anonymous_0)
FNF:1
FNH:1
FNDA:4,(anonymous_0)
DA:4,1
DA:5,4
LF:2
LH:2
BRF:0
BRH:0
end_of_record
TN:
SF:src/components/ProductGrid.jsx
FN:3,(anonymous_0)
FN:15,(anonymous_1)
FNF:2
FNH:0
FNDA:0,(anonymous_0)
FNDA:0,(anonymous_1)
DA:3,1
DA:5,0
DA:6,0
DA:9,0
DA:16,0
LF:5
LH:1
BRDA:5,0,0,0
BRDA:5,0,1,0
BRDA:11,1,0,0
BRDA:11,1,1,0
BRF:4
BRH:0
end_of_record
TN:
SF:src/components/Navbar/Header.jsx
FN:5,(anonymous_0)
FNF:1
FNH:1
FNDA:1,(anonymous_0)
DA:5,1
DA:6,1
LF:2
LH:2
BRF:0
BRH:0
end_of_record
TN:
SF:src/components/Navbar/MobileDropdown.jsx
FN:4,(anonymous_0)
FN:7,(anonymous_1)
FNF:2
FNH:2
FNDA:2,(anonymous_0)
FNDA:6,(anonymous_1)
DA:4,3
DA:5,2
DA:8,6
LF:3
LH:3
BRDA:6,0,0,0
BRDA:6,0,1,2
BRF:2
BRH:1
end_of_record
TN:
SF:src/components/Navbar/MobileMenuItems.jsx
FN:7,(anonymous_0)
FN:13,(anonymous_1)
FN:15,(anonymous_2)
FN:27,(anonymous_3)
FN:48,(anonymous_4)
FNF:5
FNH:1
FNDA:12,(anonymous_0)
FNDA:0,(anonymous_1)
FNDA:0,(anonymous_2)
FNDA:0,(anonymous_3)
FNDA:0,(anonymous_4)
DA:7,3
DA:10,12
DA:13,12
DA:14,0
DA:15,0
DA:18,12
DA:27,0
DA:48,0
LF:8
LH:4
BRDA:20,0,0,2
BRDA:20,0,1,10
BRDA:26,1,0,0
BRDA:26,1,1,2
BRDA:30,2,0,0
BRDA:30,2,1,2
BRDA:44,3,0,4
BRDA:44,3,1,6
BRDA:47,4,0,0
BRDA:47,4,1,10
BRF:10
BRH:7
end_of_record
TN:
SF:src/components/Navbar/MobileNavBar.jsx
FN:9,(anonymous_0)
FN:14,(anonymous_1)
FN:15,(anonymous_2)
FN:24,(anonymous_3)
FN:47,(anonymous_4)
FNF:5
FNH:5
FNDA:4,(anonymous_0)
FNDA:1,(anonymous_1)
FNDA:1,(anonymous_2)
FNDA:1,(anonymous_3)
FNDA:4,(anonymous_4)
DA:9,2
DA:10,4
DA:12,4
DA:14,3
DA:15,1
DA:18,3
DA:24,1
DA:48,4
LF:8
LH:8
BRDA:26,0,0,1
BRDA:26,0,1,2
BRDA:27,1,0,1
BRDA:27,1,1,2
BRDA:28,2,0,1
BRDA:28,2,1,2
BRDA:30,3,0,1
BRDA:30,3,1,2
BRDA:45,4,0,3
BRDA:45,4,1,1
BRF:10
BRH:10
end_of_record
TN:
SF:src/components/Navbar/Navbar.jsx
FN:6,(anonymous_0)
FN:13,(anonymous_1)
FNF:2
FNH:2
FNDA:2,(anonymous_0)
FNDA:8,(anonymous_1)
DA:6,2
DA:8,2
DA:14,8
LF:3
LH:3
BRF:0
BRH:0
end_of_record
TN:
SF:src/components/Navbar/Navdropdown.jsx
FN:4,(anonymous_0)
FN:12,(anonymous_1)
FNF:2
FNH:2
FNDA:3,(anonymous_0)
FNDA:10,(anonymous_1)
DA:4,4
DA:5,3
DA:13,10
LF:3
LH:3
BRDA:6,0,0,1
BRDA:6,0,1,2
BRDA:7,1,0,3
BRDA:7,1,1,3
BRF:4
BRH:4
end_of_record
TN:
SF:src/components/Navbar/Navlink.jsx
FN:7,(anonymous_0)
FN:12,(anonymous_1)
FN:13,(anonymous_2)
FN:20,(anonymous_3)
FN:26,(anonymous_4)
FN:30,(anonymous_5)
FN:34,(anonymous_6)
FN:35,(anonymous_7)
FNF:8
FNH:7
FNDA:15,(anonymous_0)
FNDA:15,(anonymous_1)
FNDA:0,(anonymous_2)
FNDA:15,(anonymous_3)
FNDA:1,(anonymous_4)
FNDA:1,(anonymous_5)
FNDA:2,(anonymous_6)
FNDA:2,(anonymous_7)
DA:7,3
DA:9,15
DA:10,15
DA:12,15
DA:13,15
DA:14,0
DA:15,0
DA:18,15
DA:19,15
DA:20,15
DA:21,15
DA:22,15
DA:26,15
DA:27,1
DA:30,15
DA:31,1
DA:34,15
DA:35,2
DA:38,15
LF:19
LH:17
BRDA:14,0,0,0
BRDA:14,0,1,0
BRDA:14,1,0,0
BRDA:14,1,1,0
BRDA:14,1,2,0
BRDA:45,2,0,8
BRDA:45,2,1,7
BRDA:50,3,0,2
BRDA:50,3,1,6
BRDA:51,4,0,2
BRDA:51,4,1,6
BRDA:53,5,0,2
BRDA:53,5,1,6
BRDA:54,6,0,2
BRDA:54,6,1,6
BRDA:58,7,0,2
BRDA:58,7,1,6
BRDA:71,8,0,0
BRDA:71,8,1,7
BRF:19
BRH:13
end_of_record
TN:
SF:src/pages/Home.jsx
FN:8,(anonymous_0)
FN:12,(anonymous_1)
FN:13,fetchProducts
FNF:3
FNH:0
FNDA:0,(anonymous_0)
FNDA:0,(anonymous_1)
FNDA:0,fetchProducts
DA:8,1
DA:10,0
DA:12,0
DA:14,0
DA:15,0
DA:17,0
DA:20,0
LF:7
LH:1
BRF:0
BRH:0
end_of_record
TN:
SF:src/pages/ProductDetails.jsx
FN:9,(anonymous_0)
FN:24,(anonymous_1)
FN:25,fetchProduct
FN:40,(anonymous_3)
FN:42,(anonymous_4)
FN:46,(anonymous_5)
FN:47,(anonymous_6)
FNF:7
FNH:7
FNDA:8,(anonymous_0)
FNDA:3,(anonymous_1)
FNDA:3,fetchProduct
FNDA:1,(anonymous_3)
FNDA:1,(anonymous_4)
FNDA:1,(anonymous_5)
FNDA:1,(anonymous_6)
DA:9,1
DA:12,8
DA:15,8
DA:18,8
DA:21,8
DA:24,8
DA:26,3
DA:27,3
DA:28,2
DA:29,2
DA:31,0
DA:34,1
DA:37,3
DA:40,8
DA:41,1
DA:42,1
DA:46,8
DA:47,1
DA:50,8
DA:51,1
DA:54,7
DA:55,3
DA:58,4
LF:23
LH:22
BRDA:28,0,0,2
BRDA:28,0,1,0
BRDA:28,1,0,2
BRDA:28,1,1,2
BRDA:28,1,2,2
BRDA:28,1,3,2
BRDA:28,1,4,2
BRDA:41,2,0,1
BRDA:41,2,1,0
BRDA:50,3,0,1
BRDA:50,3,1,7
BRDA:54,4,0,3
BRDA:54,4,1,4
BRF:13
BRH:11
end_of_record
TN:
SF:src/static/Navitems.js
FNF:0
FNH:0
DA:1,4
LF:1
LH:1
BRF:0
BRH:0
end_of_record
