TN:
SF:src/api/data.js
FN:5,getAllProducts
FN:20,getProductById
FN:35,getProductsByCategoryName
FNF:3
FNH:0
FNDA:0,getAllProducts
FNDA:0,getProductById
FNDA:0,getProductsByCategoryName
DA:6,0
DA:7,0
DA:9,0
DA:10,0
DA:13,0
DA:14,0
DA:16,0
DA:21,0
DA:22,0
DA:24,0
DA:25,0
DA:28,0
DA:29,0
DA:31,0
DA:36,0
DA:37,0
DA:39,0
DA:40,0
DA:43,0
DA:44,0
DA:46,0
LF:21
LH:0
BRDA:9,0,0,0
BRDA:9,0,1,0
BRDA:24,1,0,0
BRDA:24,1,1,0
BRDA:39,2,0,0
BRDA:39,2,1,0
BRF:6
BRH:0
end_of_record
TN:
SF:src/components/AddToCartButton.jsx
FN:3,(anonymous_0)
FNF:1
FNH:1
FNDA:8,(anonymous_0)
DA:3,5
DA:5,8
LF:2
LH:2
BRF:0
BRH:0
end_of_record
TN:
SF:src/components/AddToCartSection.jsx
FN:5,(anonymous_0)
FNF:1
FNH:1
FNDA:4,(anonymous_0)
DA:5,1
DA:8,4
LF:2
LH:2
BRF:0
BRH:0
end_of_record
TN:
SF:src/components/CardProduct.jsx
FN:5,(anonymous_0)
FNF:1
FNH:1
FNDA:7,(anonymous_0)
DA:5,4
DA:8,7
DA:9,2
DA:13,5
LF:4
LH:4
BRDA:8,0,0,2
BRDA:8,0,1,5
BRDA:8,1,0,7
BRDA:8,1,1,6
BRDA:8,1,2,5
BRDA:8,1,3,5
BRDA:8,1,4,5
BRF:7
BRH:7
end_of_record
TN:
SF:src/components/HeroSection.jsx
FN:4,(anonymous_0)
FNF:1
FNH:1
FNDA:4,(anonymous_0)
DA:4,3
DA:6,4
LF:2
LH:2
BRF:0
BRH:0
end_of_record
TN:
SF:src/components/ProductCounter.jsx
FN:4,(anonymous_0)
FNF:1
FNH:1
FNDA:4,(anonymous_0)
DA:4,1
DA:7,4
LF:2
LH:2
BRF:0
BRH:0
end_of_record
TN:
SF:src/components/ProductGrid.jsx
FN:5,(anonymous_0)
FN:14,(anonymous_1)
FN:40,(anonymous_2)
FNF:3
FNH:3
FNDA:7,(anonymous_0)
FNDA:30,(anonymous_1)
FNDA:4,(anonymous_2)
DA:5,3
DA:8,7
DA:9,3
DA:15,30
DA:26,4
DA:27,2
DA:31,2
DA:41,4
LF:8
LH:8
BRDA:8,0,0,3
BRDA:8,0,1,4
BRDA:26,1,0,2
BRDA:26,1,1,2
BRDA:34,2,0,2
BRDA:34,2,1,1
BRF:6
BRH:6
end_of_record
TN:
SF:src/components/Navbar/Header.jsx
FN:5,(anonymous_0)
FNF:1
FNH:1
FNDA:1,(anonymous_0)
DA:5,1
DA:7,1
LF:2
LH:2
BRF:0
BRH:0
end_of_record
TN:
SF:src/components/Navbar/MobileDropdown.jsx
FN:4,(anonymous_0)
FN:10,(anonymous_1)
FNF:2
FNH:2
FNDA:2,(anonymous_0)
FNDA:6,(anonymous_1)
DA:4,3
DA:7,2
DA:11,6
LF:3
LH:3
BRDA:8,0,0,0
BRDA:8,0,1,2
BRF:2
BRH:1
end_of_record
TN:
SF:src/components/Navbar/MobileMenuItems.jsx
FN:7,(anonymous_0)
FN:13,(anonymous_1)
FN:14,(anonymous_2)
FN:28,(anonymous_3)
FN:50,(anonymous_4)
FNF:5
FNH:1
FNDA:12,(anonymous_0)
FNDA:0,(anonymous_1)
FNDA:0,(anonymous_2)
FNDA:0,(anonymous_3)
FNDA:0,(anonymous_4)
DA:7,3
DA:10,12
DA:13,12
DA:14,0
DA:18,12
DA:28,0
DA:50,0
LF:7
LH:4
BRDA:21,0,0,2
BRDA:21,0,1,10
BRDA:27,1,0,0
BRDA:27,1,1,2
BRDA:31,2,0,0
BRDA:31,2,1,2
BRDA:46,3,0,4
BRDA:46,3,1,6
BRDA:49,4,0,0
BRDA:49,4,1,10
BRF:10
BRH:7
end_of_record
TN:
SF:src/components/Navbar/MobileNavBar.jsx
FN:9,(anonymous_0)
FN:17,(anonymous_1)
FN:18,(anonymous_2)
FN:27,(anonymous_3)
FN:43,(anonymous_4)
FN:54,(anonymous_5)
FNF:6
FNH:5
FNDA:3,(anonymous_0)
FNDA:1,(anonymous_1)
FNDA:1,(anonymous_2)
FNDA:1,(anonymous_3)
FNDA:0,(anonymous_4)
FNDA:4,(anonymous_5)
DA:9,2
DA:12,3
DA:15,3
DA:17,3
DA:18,1
DA:21,3
DA:27,1
DA:43,0
DA:55,4
LF:9
LH:8
BRDA:29,0,0,1
BRDA:29,0,1,2
BRDA:30,1,0,1
BRDA:30,1,1,2
BRDA:31,2,0,1
BRDA:31,2,1,2
BRDA:33,3,0,1
BRDA:33,3,1,2
BRDA:51,4,0,3
BRDA:51,4,1,1
BRF:10
BRH:10
end_of_record
TN:
SF:src/components/Navbar/Navbar.jsx
FN:6,(anonymous_0)
FN:16,(anonymous_1)
FNF:2
FNH:2
FNDA:2,(anonymous_0)
FNDA:8,(anonymous_1)
DA:6,2
DA:9,2
DA:17,8
LF:3
LH:3
BRF:0
BRH:0
end_of_record
TN:
SF:src/components/Navbar/Navdropdown.jsx
FN:4,(anonymous_0)
FN:15,(anonymous_1)
FNF:2
FNH:2
FNDA:3,(anonymous_0)
FNDA:10,(anonymous_1)
DA:4,3
DA:6,3
DA:16,10
LF:3
LH:3
BRDA:7,0,0,1
BRDA:7,0,1,2
BRDA:9,1,0,3
BRDA:9,1,1,3
BRF:4
BRH:4
end_of_record
TN:
SF:src/components/Navbar/Navlink.jsx
FN:7,(anonymous_0)
FN:16,(anonymous_1)
FN:17,(anonymous_2)
FN:24,(anonymous_3)
FN:31,(anonymous_4)
FN:36,(anonymous_5)
FN:41,(anonymous_6)
FN:42,(anonymous_7)
FNF:8
FNH:7
FNDA:15,(anonymous_0)
FNDA:15,(anonymous_1)
FNDA:0,(anonymous_2)
FNDA:15,(anonymous_3)
FNDA:1,(anonymous_4)
FNDA:1,(anonymous_5)
FNDA:2,(anonymous_6)
FNDA:2,(anonymous_7)
DA:7,3
DA:10,15
DA:13,15
DA:16,15
DA:17,15
DA:18,0
DA:19,0
DA:22,15
DA:23,15
DA:24,15
DA:25,15
DA:26,15
DA:31,15
DA:32,1
DA:36,15
DA:37,1
DA:41,15
DA:42,2
DA:45,15
LF:19
LH:17
BRDA:18,0,0,0
BRDA:18,0,1,0
BRDA:18,1,0,0
BRDA:18,1,1,0
BRDA:18,1,2,0
BRDA:53,2,0,8
BRDA:53,2,1,7
BRDA:58,3,0,2
BRDA:58,3,1,6
BRDA:59,4,0,2
BRDA:59,4,1,6
BRDA:61,5,0,2
BRDA:61,5,1,6
BRDA:62,6,0,2
BRDA:62,6,1,6
BRDA:66,7,0,2
BRDA:66,7,1,6
BRDA:79,8,0,0
BRDA:79,8,1,7
BRF:19
BRH:13
end_of_record
TN:
SF:src/pages/ErrorPage.jsx
FN:1,(anonymous_0)
FNF:1
FNH:0
FNDA:0,(anonymous_0)
DA:1,1
DA:2,0
LF:2
LH:1
BRF:0
BRH:0
end_of_record
TN:
SF:src/pages/Home.jsx
FN:8,(anonymous_0)
FN:20,(anonymous_1)
FN:21,fetchAllProducts
FNF:3
FNH:3
FNDA:4,(anonymous_0)
FNDA:2,(anonymous_1)
FNDA:2,fetchAllProducts
DA:8,2
DA:11,4
DA:14,4
DA:17,4
DA:20,4
DA:22,2
DA:23,2
DA:24,1
DA:26,1
DA:28,2
DA:33,2
DA:37,4
DA:38,1
DA:42,3
LF:14
LH:14
BRDA:37,0,0,1
BRDA:37,0,1,3
BRF:2
BRH:2
end_of_record
TN:
SF:src/pages/ProductDetails.jsx
FN:9,(anonymous_0)
FN:24,(anonymous_1)
FN:25,fetchProduct
FN:41,(anonymous_3)
FN:43,(anonymous_4)
FN:48,(anonymous_5)
FN:49,(anonymous_6)
FNF:7
FNH:7
FNDA:8,(anonymous_0)
FNDA:3,(anonymous_1)
FNDA:3,fetchProduct
FNDA:1,(anonymous_3)
FNDA:1,(anonymous_4)
FNDA:1,(anonymous_5)
FNDA:1,(anonymous_6)
DA:9,1
DA:12,8
DA:15,8
DA:18,8
DA:21,8
DA:24,8
DA:26,3
DA:27,3
DA:28,2
DA:29,2
DA:31,0
DA:34,1
DA:37,3
DA:41,8
DA:42,1
DA:43,1
DA:48,8
DA:49,1
DA:53,8
DA:54,1
DA:58,7
LF:21
LH:20
BRDA:28,0,0,2
BRDA:28,0,1,0
BRDA:28,1,0,2
BRDA:28,1,1,2
BRDA:28,1,2,2
BRDA:28,1,3,2
BRDA:28,1,4,2
BRDA:42,2,0,1
BRDA:42,2,1,0
BRDA:53,3,0,1
BRDA:53,3,1,7
BRDA:63,4,0,4
BRDA:63,4,1,3
BRDA:63,5,0,7
BRDA:63,5,1,4
BRDA:77,6,0,4
BRDA:77,6,1,3
BRDA:77,7,0,7
BRDA:77,7,1,4
BRDA:89,8,0,4
BRDA:89,8,1,3
BRDA:89,9,0,7
BRDA:89,9,1,4
BRDA:100,10,0,4
BRDA:100,10,1,3
BRDA:100,11,0,7
BRDA:100,11,1,4
BRDA:111,12,0,4
BRDA:111,12,1,3
BRDA:111,13,0,7
BRDA:111,13,1,4
BRDA:122,14,0,7
BRDA:122,14,1,4
BRF:33
BRH:31
end_of_record
TN:
SF:src/static/Navitems.js
FNF:0
FNH:0
DA:1,4
LF:1
LH:1
BRF:0
BRH:0
end_of_record
